#
# There is insufficient memory for the Java Runtime Environment to continue.
# Native memory allocation (malloc) failed to allocate 298576 bytes for Chunk::new
# Possible reasons:
#   The system is out of physical RAM or swap space
#   The process is running with CompressedOops enabled, and the Java Heap may be blocking the growth of the native heap
# Possible solutions:
#   Reduce memory load on the system
#   Increase physical memory or swap space
#   Check if swap backing store is full
#   Decrease Java heap size (-Xmx/-Xms)
#   Decrease number of Java threads
#   Decrease Java thread stack sizes (-Xss)
#   Set larger code cache with -XX:ReservedCodeCacheSize=
#   JVM is running with Unscaled Compressed Oops mode in which the Java heap is
#     placed in the first 4GB address space. The Java Heap base address is the
#     maximum limit for the native heap growth. Please use -XX:HeapBaseMinAddress
#     to set the Java Heap base and to place the Java Heap above 4GB virtual address.
# This output file may be truncated or incomplete.
#
#  Out of Memory Error (arena.cpp:189), pid=16224, tid=1356
#
# JRE version: OpenJDK Runtime Environment JBR-17.0.6+10-829.9-jcef (17.0.6+10) (build 17.0.6+10-b829.9)
# Java VM: OpenJDK 64-Bit Server VM JBR-17.0.6+10-829.9-jcef (17.0.6+10-b829.9, mixed mode, tiered, compressed oops, compressed class ptrs, g1 gc, windows-amd64)
# No core dump will be written. Minidumps are not enabled by default on client versions of Windows
#

---------------  S U M M A R Y ------------

Command Line: -Djava.rmi.server.hostname=127.0.0.1 -Duser.timezone=UTC -Xmx1024m -Xms128m --add-exports=java.desktop/sun.awt=ALL-UNNAMED --add-exports=java.desktop/java.awt.peer=ALL-UNNAMED --add-opens=java.desktop/java.awt=ALL-UNNAMED --add-opens=jdk.unsupported/sun.misc=ALL-UNNAMED --add-opens=java.base/java.nio=ALL-UNNAMED --add-opens=java.base/java.util=ALL-UNNAMED -Dfile.encoding=UTF-8 com.intellij.database.remote.RemoteJdbcServer com.mysql.cj.jdbc.Driver

Host: Intel(R) Core(TM) i5-1035G1 CPU @ 1.00GHz, 8 cores, 7G,  Windows 11 , 64 bit Build 22621 (10.0.22621.3672)
Time: Sat Jul 13 11:26:03 2024 Sri Lanka Standard Time elapsed time: 0.537048 seconds (0d 0h 0m 0s)

---------------  T H R E A D  ---------------

Current thread (0x000002713881cb20):  JavaThread "C2 CompilerThread0" daemon [_thread_in_native, id=1356, stack(0x000000bc0d800000,0x000000bc0d900000)]


Current CompileTask:
C2:    537  732       4       jdk.internal.org.objectweb.asm.SymbolTable::addConstantUtf8 (98 bytes)

Stack: [0x000000bc0d800000,0x000000bc0d900000]
Native frames: (J=compiled Java code, j=interpreted, Vv=VM code, C=native code)
V  [jvm.dll+0x683c5a]
V  [jvm.dll+0x842764]
V  [jvm.dll+0x843f5e]
V  [jvm.dll+0x8445c3]
V  [jvm.dll+0x249b75]
V  [jvm.dll+0xabcac]
V  [jvm.dll+0xac27c]
V  [jvm.dll+0x2b0eef]
V  [jvm.dll+0x58a267]
V  [jvm.dll+0x2243b2]
V  [jvm.dll+0x21dd02]
V  [jvm.dll+0x21b51b]
V  [jvm.dll+0x1a4fdd]
V  [jvm.dll+0x22b098]
V  [jvm.dll+0x229159]
V  [jvm.dll+0x7f81ac]
V  [jvm.dll+0x7f270a]
V  [jvm.dll+0x682a95]
C  [ucrtbase.dll+0x29333]
C  [KERNEL32.DLL+0x1257d]
C  [ntdll.dll+0x5af28]


---------------  P R O C E S S  ---------------

Threads class SMR info:
_java_thread_list=0x0000027138f7de00, length=24, elements={
0x0000027120165250, 0x0000027137c1e3c0, 0x0000027137c22480, 0x0000027137c44510,
0x00000271388164d0, 0x000002713881adb0, 0x000002713881b670, 0x000002713881cb20,
0x000002713882c9f0, 0x000002713882f300, 0x000002713899e800, 0x00000271389a10f0,
0x0000027138ac1f30, 0x0000027138cf1630, 0x0000027138d063d0, 0x0000027138d068a0,
0x0000027138d35020, 0x0000027138d3e220, 0x0000027138d3e6f0, 0x0000027138dc2c90,
0x0000027138dc3fd0, 0x0000027138dc3160, 0x0000027138dc44a0, 0x0000027138fa10c0
}

Java Threads: ( => current thread )
  0x0000027120165250 JavaThread "main" [_thread_blocked, id=20792, stack(0x000000bc0cb00000,0x000000bc0cc00000)]
  0x0000027137c1e3c0 JavaThread "Reference Handler" daemon [_thread_blocked, id=12664, stack(0x000000bc0d200000,0x000000bc0d300000)]
  0x0000027137c22480 JavaThread "Finalizer" daemon [_thread_blocked, id=21360, stack(0x000000bc0d300000,0x000000bc0d400000)]
  0x0000027137c44510 JavaThread "Signal Dispatcher" daemon [_thread_blocked, id=15576, stack(0x000000bc0d400000,0x000000bc0d500000)]
  0x00000271388164d0 JavaThread "Attach Listener" daemon [_thread_blocked, id=9332, stack(0x000000bc0d500000,0x000000bc0d600000)]
  0x000002713881adb0 JavaThread "Service Thread" daemon [_thread_blocked, id=932, stack(0x000000bc0d600000,0x000000bc0d700000)]
  0x000002713881b670 JavaThread "Monitor Deflation Thread" daemon [_thread_blocked, id=312, stack(0x000000bc0d700000,0x000000bc0d800000)]
=>0x000002713881cb20 JavaThread "C2 CompilerThread0" daemon [_thread_in_native, id=1356, stack(0x000000bc0d800000,0x000000bc0d900000)]
  0x000002713882c9f0 JavaThread "C1 CompilerThread0" daemon [_thread_blocked, id=20900, stack(0x000000bc0d900000,0x000000bc0da00000)]
  0x000002713882f300 JavaThread "Sweeper thread" daemon [_thread_blocked, id=16336, stack(0x000000bc0da00000,0x000000bc0db00000)]
  0x000002713899e800 JavaThread "Common-Cleaner" daemon [_thread_blocked, id=16380, stack(0x000000bc0db00000,0x000000bc0dc00000)]
  0x00000271389a10f0 JavaThread "Notification Thread" daemon [_thread_blocked, id=6572, stack(0x000000bc0dc00000,0x000000bc0dd00000)]
  0x0000027138ac1f30 JavaThread "mysql-cj-abandoned-connection-cleanup" daemon [_thread_blocked, id=8004, stack(0x000000bc0df00000,0x000000bc0e000000)]
  0x0000027138cf1630 JavaThread "RMI TCP Accept-41799" daemon [_thread_in_native, id=21316, stack(0x000000bc0de00000,0x000000bc0df00000)]
  0x0000027138d063d0 JavaThread "RMI TCP Accept-0" daemon [_thread_in_native, id=18200, stack(0x000000bc0e000000,0x000000bc0e100000)]
  0x0000027138d068a0 JavaThread "RMI Reaper" [_thread_blocked, id=15676, stack(0x000000bc0e100000,0x000000bc0e200000)]
  0x0000027138d35020 JavaThread "RMI GC Daemon" daemon [_thread_blocked, id=20212, stack(0x000000bc0e200000,0x000000bc0e300000)]
  0x0000027138d3e220 JavaThread "RMI TCP Connection(1)-127.0.0.1" daemon [_thread_in_native, id=10728, stack(0x000000bc0e300000,0x000000bc0e400000)]
  0x0000027138d3e6f0 JavaThread "RMI TCP Connection(2)-127.0.0.1" daemon [_thread_in_native, id=16784, stack(0x000000bc0e400000,0x000000bc0e500000)]
  0x0000027138dc2c90 JavaThread "RMI TCP Connection(3)-127.0.0.1" daemon [_thread_in_vm, id=17060, stack(0x000000bc0e500000,0x000000bc0e600000)]
  0x0000027138dc3fd0 JavaThread "RMI TCP Connection(4)-127.0.0.1" daemon [_thread_in_native, id=8860, stack(0x000000bc0e600000,0x000000bc0e700000)]
  0x0000027138dc3160 JavaThread "RMI Scheduler(0)" daemon [_thread_blocked, id=3024, stack(0x000000bc0e700000,0x000000bc0e800000)]
  0x0000027138dc44a0 JavaThread "RMI RenewClean-[127.0.0.1:10725]" daemon [_thread_blocked, id=14280, stack(0x000000bc0e800000,0x000000bc0e900000)]
  0x0000027138fa10c0 JavaThread "C2 CompilerThread1" daemon [_thread_in_native, id=14752, stack(0x000000bc0e900000,0x000000bc0ea00000)]

Other Threads:
  0x0000027137c1ae80 VMThread "VM Thread" [stack: 0x000000bc0d100000,0x000000bc0d200000] [id=1560]
  0x00000271201be590 WatcherThread [stack: 0x000000bc0dd00000,0x000000bc0de00000] [id=17520]
  0x00000271201a1cc0 GCTaskThread "GC Thread#0" [stack: 0x000000bc0cc00000,0x000000bc0cd00000] [id=11816]
  0x00000271201aab10 ConcurrentGCThread "G1 Main Marker" [stack: 0x000000bc0cd00000,0x000000bc0ce00000] [id=18912]
  0x00000271201ab430 ConcurrentGCThread "G1 Conc#0" [stack: 0x000000bc0ce00000,0x000000bc0cf00000] [id=21244]
  0x0000027137a920b0 ConcurrentGCThread "G1 Refine#0" [stack: 0x000000bc0cf00000,0x000000bc0d000000] [id=5788]
  0x0000027137a929e0 ConcurrentGCThread "G1 Service" [stack: 0x000000bc0d000000,0x000000bc0d100000] [id=16296]

Threads with active compile tasks:
C2 CompilerThread0      549  732       4       jdk.internal.org.objectweb.asm.SymbolTable::addConstantUtf8 (98 bytes)
C2 CompilerThread1      549  757       4       java.lang.String::<init> (15 bytes)

VM state: not at safepoint (normal execution)

VM Mutex/Monitor currently owned by a thread: None

Heap address: 0x00000000c0000000, size: 1024 MB, Compressed Oops mode: 32-bit

CDS archive(s) not mapped
Compressed class space mapped at: 0x0000000100000000-0x0000000140000000, reserved size: 1073741824
Narrow klass base: 0x0000000000000000, Narrow klass shift: 3, Narrow klass range: 0x140000000

GC Precious Log:
 CPUs: 8 total, 8 available
 Memory: 7997M
 Large Page Support: Disabled
 NUMA Support: Disabled
 Compressed Oops: Enabled (32-bit)
 Heap Region Size: 1M
 Heap Min Capacity: 128M
 Heap Initial Capacity: 128M
 Heap Max Capacity: 1G
 Pre-touch: Disabled
 Parallel Workers: 8
 Concurrent Workers: 2
 Concurrent Refinement Workers: 8
 Periodic GC: Disabled

Heap:
 garbage-first heap   total 131072K, used 10240K [0x00000000c0000000, 0x0000000100000000)
  region size 1024K, 12 young (12288K), 0 survivors (0K)
 Metaspace       used 12019K, committed 12288K, reserved 1064960K
  class space    used 1239K, committed 1344K, reserved 1048576K

Heap Regions: E=young(eden), S=young(survivor), O=old, HS=humongous(starts), HC=humongous(continues), CS=collection set, F=free, OA=open archive, CA=closed archive, TAMS=top-at-mark-start (previous, next)
|   0|0x00000000c0000000, 0x00000000c0000000, 0x00000000c0100000|  0%| F|  |TAMS 0x00000000c0000000, 0x00000000c0000000| Untracked 
|   1|0x00000000c0100000, 0x00000000c0100000, 0x00000000c0200000|  0%| F|  |TAMS 0x00000000c0100000, 0x00000000c0100000| Untracked 
|   2|0x00000000c0200000, 0x00000000c0200000, 0x00000000c0300000|  0%| F|  |TAMS 0x00000000c0200000, 0x00000000c0200000| Untracked 
|   3|0x00000000c0300000, 0x00000000c0300000, 0x00000000c0400000|  0%| F|  |TAMS 0x00000000c0300000, 0x00000000c0300000| Untracked 
|   4|0x00000000c0400000, 0x00000000c0400000, 0x00000000c0500000|  0%| F|  |TAMS 0x00000000c0400000, 0x00000000c0400000| Untracked 
|   5|0x00000000c0500000, 0x00000000c0500000, 0x00000000c0600000|  0%| F|  |TAMS 0x00000000c0500000, 0x00000000c0500000| Untracked 
|   6|0x00000000c0600000, 0x00000000c0600000, 0x00000000c0700000|  0%| F|  |TAMS 0x00000000c0600000, 0x00000000c0600000| Untracked 
|   7|0x00000000c0700000, 0x00000000c0700000, 0x00000000c0800000|  0%| F|  |TAMS 0x00000000c0700000, 0x00000000c0700000| Untracked 
|   8|0x00000000c0800000, 0x00000000c0800000, 0x00000000c0900000|  0%| F|  |TAMS 0x00000000c0800000, 0x00000000c0800000| Untracked 
|   9|0x00000000c0900000, 0x00000000c0900000, 0x00000000c0a00000|  0%| F|  |TAMS 0x00000000c0900000, 0x00000000c0900000| Untracked 
|  10|0x00000000c0a00000, 0x00000000c0a00000, 0x00000000c0b00000|  0%| F|  |TAMS 0x00000000c0a00000, 0x00000000c0a00000| Untracked 
|  11|0x00000000c0b00000, 0x00000000c0b00000, 0x00000000c0c00000|  0%| F|  |TAMS 0x00000000c0b00000, 0x00000000c0b00000| Untracked 
|  12|0x00000000c0c00000, 0x00000000c0c00000, 0x00000000c0d00000|  0%| F|  |TAMS 0x00000000c0c00000, 0x00000000c0c00000| Untracked 
|  13|0x00000000c0d00000, 0x00000000c0d00000, 0x00000000c0e00000|  0%| F|  |TAMS 0x00000000c0d00000, 0x00000000c0d00000| Untracked 
|  14|0x00000000c0e00000, 0x00000000c0e00000, 0x00000000c0f00000|  0%| F|  |TAMS 0x00000000c0e00000, 0x00000000c0e00000| Untracked 
|  15|0x00000000c0f00000, 0x00000000c0f00000, 0x00000000c1000000|  0%| F|  |TAMS 0x00000000c0f00000, 0x00000000c0f00000| Untracked 
|  16|0x00000000c1000000, 0x00000000c1000000, 0x00000000c1100000|  0%| F|  |TAMS 0x00000000c1000000, 0x00000000c1000000| Untracked 
|  17|0x00000000c1100000, 0x00000000c1100000, 0x00000000c1200000|  0%| F|  |TAMS 0x00000000c1100000, 0x00000000c1100000| Untracked 
|  18|0x00000000c1200000, 0x00000000c1200000, 0x00000000c1300000|  0%| F|  |TAMS 0x00000000c1200000, 0x00000000c1200000| Untracked 
|  19|0x00000000c1300000, 0x00000000c1300000, 0x00000000c1400000|  0%| F|  |TAMS 0x00000000c1300000, 0x00000000c1300000| Untracked 
|  20|0x00000000c1400000, 0x00000000c1400000, 0x00000000c1500000|  0%| F|  |TAMS 0x00000000c1400000, 0x00000000c1400000| Untracked 
|  21|0x00000000c1500000, 0x00000000c1500000, 0x00000000c1600000|  0%| F|  |TAMS 0x00000000c1500000, 0x00000000c1500000| Untracked 
|  22|0x00000000c1600000, 0x00000000c1600000, 0x00000000c1700000|  0%| F|  |TAMS 0x00000000c1600000, 0x00000000c1600000| Untracked 
|  23|0x00000000c1700000, 0x00000000c1700000, 0x00000000c1800000|  0%| F|  |TAMS 0x00000000c1700000, 0x00000000c1700000| Untracked 
|  24|0x00000000c1800000, 0x00000000c1800000, 0x00000000c1900000|  0%| F|  |TAMS 0x00000000c1800000, 0x00000000c1800000| Untracked 
|  25|0x00000000c1900000, 0x00000000c1900000, 0x00000000c1a00000|  0%| F|  |TAMS 0x00000000c1900000, 0x00000000c1900000| Untracked 
|  26|0x00000000c1a00000, 0x00000000c1a00000, 0x00000000c1b00000|  0%| F|  |TAMS 0x00000000c1a00000, 0x00000000c1a00000| Untracked 
|  27|0x00000000c1b00000, 0x00000000c1b00000, 0x00000000c1c00000|  0%| F|  |TAMS 0x00000000c1b00000, 0x00000000c1b00000| Untracked 
|  28|0x00000000c1c00000, 0x00000000c1c00000, 0x00000000c1d00000|  0%| F|  |TAMS 0x00000000c1c00000, 0x00000000c1c00000| Untracked 
|  29|0x00000000c1d00000, 0x00000000c1d00000, 0x00000000c1e00000|  0%| F|  |TAMS 0x00000000c1d00000, 0x00000000c1d00000| Untracked 
|  30|0x00000000c1e00000, 0x00000000c1e00000, 0x00000000c1f00000|  0%| F|  |TAMS 0x00000000c1e00000, 0x00000000c1e00000| Untracked 
|  31|0x00000000c1f00000, 0x00000000c1f00000, 0x00000000c2000000|  0%| F|  |TAMS 0x00000000c1f00000, 0x00000000c1f00000| Untracked 
|  32|0x00000000c2000000, 0x00000000c2000000, 0x00000000c2100000|  0%| F|  |TAMS 0x00000000c2000000, 0x00000000c2000000| Untracked 
|  33|0x00000000c2100000, 0x00000000c2100000, 0x00000000c2200000|  0%| F|  |TAMS 0x00000000c2100000, 0x00000000c2100000| Untracked 
|  34|0x00000000c2200000, 0x00000000c2200000, 0x00000000c2300000|  0%| F|  |TAMS 0x00000000c2200000, 0x00000000c2200000| Untracked 
|  35|0x00000000c2300000, 0x00000000c2300000, 0x00000000c2400000|  0%| F|  |TAMS 0x00000000c2300000, 0x00000000c2300000| Untracked 
|  36|0x00000000c2400000, 0x00000000c2400000, 0x00000000c2500000|  0%| F|  |TAMS 0x00000000c2400000, 0x00000000c2400000| Untracked 
|  37|0x00000000c2500000, 0x00000000c2500000, 0x00000000c2600000|  0%| F|  |TAMS 0x00000000c2500000, 0x00000000c2500000| Untracked 
|  38|0x00000000c2600000, 0x00000000c2600000, 0x00000000c2700000|  0%| F|  |TAMS 0x00000000c2600000, 0x00000000c2600000| Untracked 
|  39|0x00000000c2700000, 0x00000000c2700000, 0x00000000c2800000|  0%| F|  |TAMS 0x00000000c2700000, 0x00000000c2700000| Untracked 
|  40|0x00000000c2800000, 0x00000000c2800000, 0x00000000c2900000|  0%| F|  |TAMS 0x00000000c2800000, 0x00000000c2800000| Untracked 
|  41|0x00000000c2900000, 0x00000000c2900000, 0x00000000c2a00000|  0%| F|  |TAMS 0x00000000c2900000, 0x00000000c2900000| Untracked 
|  42|0x00000000c2a00000, 0x00000000c2a00000, 0x00000000c2b00000|  0%| F|  |TAMS 0x00000000c2a00000, 0x00000000c2a00000| Untracked 
|  43|0x00000000c2b00000, 0x00000000c2b00000, 0x00000000c2c00000|  0%| F|  |TAMS 0x00000000c2b00000, 0x00000000c2b00000| Untracked 
|  44|0x00000000c2c00000, 0x00000000c2c00000, 0x00000000c2d00000|  0%| F|  |TAMS 0x00000000c2c00000, 0x00000000c2c00000| Untracked 
|  45|0x00000000c2d00000, 0x00000000c2d00000, 0x00000000c2e00000|  0%| F|  |TAMS 0x00000000c2d00000, 0x00000000c2d00000| Untracked 
|  46|0x00000000c2e00000, 0x00000000c2e00000, 0x00000000c2f00000|  0%| F|  |TAMS 0x00000000c2e00000, 0x00000000c2e00000| Untracked 
|  47|0x00000000c2f00000, 0x00000000c2f00000, 0x00000000c3000000|  0%| F|  |TAMS 0x00000000c2f00000, 0x00000000c2f00000| Untracked 
|  48|0x00000000c3000000, 0x00000000c3000000, 0x00000000c3100000|  0%| F|  |TAMS 0x00000000c3000000, 0x00000000c3000000| Untracked 
|  49|0x00000000c3100000, 0x00000000c3100000, 0x00000000c3200000|  0%| F|  |TAMS 0x00000000c3100000, 0x00000000c3100000| Untracked 
|  50|0x00000000c3200000, 0x00000000c3200000, 0x00000000c3300000|  0%| F|  |TAMS 0x00000000c3200000, 0x00000000c3200000| Untracked 
|  51|0x00000000c3300000, 0x00000000c3300000, 0x00000000c3400000|  0%| F|  |TAMS 0x00000000c3300000, 0x00000000c3300000| Untracked 
|  52|0x00000000c3400000, 0x00000000c3400000, 0x00000000c3500000|  0%| F|  |TAMS 0x00000000c3400000, 0x00000000c3400000| Untracked 
|  53|0x00000000c3500000, 0x00000000c3500000, 0x00000000c3600000|  0%| F|  |TAMS 0x00000000c3500000, 0x00000000c3500000| Untracked 
|  54|0x00000000c3600000, 0x00000000c3600000, 0x00000000c3700000|  0%| F|  |TAMS 0x00000000c3600000, 0x00000000c3600000| Untracked 
|  55|0x00000000c3700000, 0x00000000c3700000, 0x00000000c3800000|  0%| F|  |TAMS 0x00000000c3700000, 0x00000000c3700000| Untracked 
|  56|0x00000000c3800000, 0x00000000c3800000, 0x00000000c3900000|  0%| F|  |TAMS 0x00000000c3800000, 0x00000000c3800000| Untracked 
|  57|0x00000000c3900000, 0x00000000c3900000, 0x00000000c3a00000|  0%| F|  |TAMS 0x00000000c3900000, 0x00000000c3900000| Untracked 
|  58|0x00000000c3a00000, 0x00000000c3a00000, 0x00000000c3b00000|  0%| F|  |TAMS 0x00000000c3a00000, 0x00000000c3a00000| Untracked 
|  59|0x00000000c3b00000, 0x00000000c3b00000, 0x00000000c3c00000|  0%| F|  |TAMS 0x00000000c3b00000, 0x00000000c3b00000| Untracked 
|  60|0x00000000c3c00000, 0x00000000c3c00000, 0x00000000c3d00000|  0%| F|  |TAMS 0x00000000c3c00000, 0x00000000c3c00000| Untracked 
|  61|0x00000000c3d00000, 0x00000000c3d00000, 0x00000000c3e00000|  0%| F|  |TAMS 0x00000000c3d00000, 0x00000000c3d00000| Untracked 
|  62|0x00000000c3e00000, 0x00000000c3e00000, 0x00000000c3f00000|  0%| F|  |TAMS 0x00000000c3e00000, 0x00000000c3e00000| Untracked 
|  63|0x00000000c3f00000, 0x00000000c3f00000, 0x00000000c4000000|  0%| F|  |TAMS 0x00000000c3f00000, 0x00000000c3f00000| Untracked 
|  64|0x00000000c4000000, 0x00000000c4000000, 0x00000000c4100000|  0%| F|  |TAMS 0x00000000c4000000, 0x00000000c4000000| Untracked 
|  65|0x00000000c4100000, 0x00000000c4100000, 0x00000000c4200000|  0%| F|  |TAMS 0x00000000c4100000, 0x00000000c4100000| Untracked 
|  66|0x00000000c4200000, 0x00000000c4200000, 0x00000000c4300000|  0%| F|  |TAMS 0x00000000c4200000, 0x00000000c4200000| Untracked 
|  67|0x00000000c4300000, 0x00000000c4300000, 0x00000000c4400000|  0%| F|  |TAMS 0x00000000c4300000, 0x00000000c4300000| Untracked 
|  68|0x00000000c4400000, 0x00000000c4400000, 0x00000000c4500000|  0%| F|  |TAMS 0x00000000c4400000, 0x00000000c4400000| Untracked 
|  69|0x00000000c4500000, 0x00000000c4500000, 0x00000000c4600000|  0%| F|  |TAMS 0x00000000c4500000, 0x00000000c4500000| Untracked 
|  70|0x00000000c4600000, 0x00000000c4600000, 0x00000000c4700000|  0%| F|  |TAMS 0x00000000c4600000, 0x00000000c4600000| Untracked 
|  71|0x00000000c4700000, 0x00000000c4700000, 0x00000000c4800000|  0%| F|  |TAMS 0x00000000c4700000, 0x00000000c4700000| Untracked 
|  72|0x00000000c4800000, 0x00000000c4800000, 0x00000000c4900000|  0%| F|  |TAMS 0x00000000c4800000, 0x00000000c4800000| Untracked 
|  73|0x00000000c4900000, 0x00000000c4900000, 0x00000000c4a00000|  0%| F|  |TAMS 0x00000000c4900000, 0x00000000c4900000| Untracked 
|  74|0x00000000c4a00000, 0x00000000c4a00000, 0x00000000c4b00000|  0%| F|  |TAMS 0x00000000c4a00000, 0x00000000c4a00000| Untracked 
|  75|0x00000000c4b00000, 0x00000000c4b00000, 0x00000000c4c00000|  0%| F|  |TAMS 0x00000000c4b00000, 0x00000000c4b00000| Untracked 
|  76|0x00000000c4c00000, 0x00000000c4c00000, 0x00000000c4d00000|  0%| F|  |TAMS 0x00000000c4c00000, 0x00000000c4c00000| Untracked 
|  77|0x00000000c4d00000, 0x00000000c4d00000, 0x00000000c4e00000|  0%| F|  |TAMS 0x00000000c4d00000, 0x00000000c4d00000| Untracked 
|  78|0x00000000c4e00000, 0x00000000c4e00000, 0x00000000c4f00000|  0%| F|  |TAMS 0x00000000c4e00000, 0x00000000c4e00000| Untracked 
|  79|0x00000000c4f00000, 0x00000000c4f00000, 0x00000000c5000000|  0%| F|  |TAMS 0x00000000c4f00000, 0x00000000c4f00000| Untracked 
|  80|0x00000000c5000000, 0x00000000c5000000, 0x00000000c5100000|  0%| F|  |TAMS 0x00000000c5000000, 0x00000000c5000000| Untracked 
|  81|0x00000000c5100000, 0x00000000c5100000, 0x00000000c5200000|  0%| F|  |TAMS 0x00000000c5100000, 0x00000000c5100000| Untracked 
|  82|0x00000000c5200000, 0x00000000c5200000, 0x00000000c5300000|  0%| F|  |TAMS 0x00000000c5200000, 0x00000000c5200000| Untracked 
|  83|0x00000000c5300000, 0x00000000c5300000, 0x00000000c5400000|  0%| F|  |TAMS 0x00000000c5300000, 0x00000000c5300000| Untracked 
|  84|0x00000000c5400000, 0x00000000c5400000, 0x00000000c5500000|  0%| F|  |TAMS 0x00000000c5400000, 0x00000000c5400000| Untracked 
|  85|0x00000000c5500000, 0x00000000c5500000, 0x00000000c5600000|  0%| F|  |TAMS 0x00000000c5500000, 0x00000000c5500000| Untracked 
|  86|0x00000000c5600000, 0x00000000c5600000, 0x00000000c5700000|  0%| F|  |TAMS 0x00000000c5600000, 0x00000000c5600000| Untracked 
|  87|0x00000000c5700000, 0x00000000c5700000, 0x00000000c5800000|  0%| F|  |TAMS 0x00000000c5700000, 0x00000000c5700000| Untracked 
|  88|0x00000000c5800000, 0x00000000c5800000, 0x00000000c5900000|  0%| F|  |TAMS 0x00000000c5800000, 0x00000000c5800000| Untracked 
|  89|0x00000000c5900000, 0x00000000c5900000, 0x00000000c5a00000|  0%| F|  |TAMS 0x00000000c5900000, 0x00000000c5900000| Untracked 
|  90|0x00000000c5a00000, 0x00000000c5a00000, 0x00000000c5b00000|  0%| F|  |TAMS 0x00000000c5a00000, 0x00000000c5a00000| Untracked 
|  91|0x00000000c5b00000, 0x00000000c5b00000, 0x00000000c5c00000|  0%| F|  |TAMS 0x00000000c5b00000, 0x00000000c5b00000| Untracked 
|  92|0x00000000c5c00000, 0x00000000c5c00000, 0x00000000c5d00000|  0%| F|  |TAMS 0x00000000c5c00000, 0x00000000c5c00000| Untracked 
|  93|0x00000000c5d00000, 0x00000000c5d00000, 0x00000000c5e00000|  0%| F|  |TAMS 0x00000000c5d00000, 0x00000000c5d00000| Untracked 
|  94|0x00000000c5e00000, 0x00000000c5e00000, 0x00000000c5f00000|  0%| F|  |TAMS 0x00000000c5e00000, 0x00000000c5e00000| Untracked 
|  95|0x00000000c5f00000, 0x00000000c5f00000, 0x00000000c6000000|  0%| F|  |TAMS 0x00000000c5f00000, 0x00000000c5f00000| Untracked 
|  96|0x00000000c6000000, 0x00000000c6000000, 0x00000000c6100000|  0%| F|  |TAMS 0x00000000c6000000, 0x00000000c6000000| Untracked 
|  97|0x00000000c6100000, 0x00000000c6100000, 0x00000000c6200000|  0%| F|  |TAMS 0x00000000c6100000, 0x00000000c6100000| Untracked 
|  98|0x00000000c6200000, 0x00000000c6200000, 0x00000000c6300000|  0%| F|  |TAMS 0x00000000c6200000, 0x00000000c6200000| Untracked 
|  99|0x00000000c6300000, 0x00000000c6300000, 0x00000000c6400000|  0%| F|  |TAMS 0x00000000c6300000, 0x00000000c6300000| Untracked 
| 100|0x00000000c6400000, 0x00000000c6400000, 0x00000000c6500000|  0%| F|  |TAMS 0x00000000c6400000, 0x00000000c6400000| Untracked 
| 101|0x00000000c6500000, 0x00000000c6500000, 0x00000000c6600000|  0%| F|  |TAMS 0x00000000c6500000, 0x00000000c6500000| Untracked 
| 102|0x00000000c6600000, 0x00000000c6600000, 0x00000000c6700000|  0%| F|  |TAMS 0x00000000c6600000, 0x00000000c6600000| Untracked 
| 103|0x00000000c6700000, 0x00000000c6700000, 0x00000000c6800000|  0%| F|  |TAMS 0x00000000c6700000, 0x00000000c6700000| Untracked 
| 104|0x00000000c6800000, 0x00000000c6800000, 0x00000000c6900000|  0%| F|  |TAMS 0x00000000c6800000, 0x00000000c6800000| Untracked 
| 105|0x00000000c6900000, 0x00000000c6900000, 0x00000000c6a00000|  0%| F|  |TAMS 0x00000000c6900000, 0x00000000c6900000| Untracked 
| 106|0x00000000c6a00000, 0x00000000c6a00000, 0x00000000c6b00000|  0%| F|  |TAMS 0x00000000c6a00000, 0x00000000c6a00000| Untracked 
| 107|0x00000000c6b00000, 0x00000000c6b00000, 0x00000000c6c00000|  0%| F|  |TAMS 0x00000000c6b00000, 0x00000000c6b00000| Untracked 
| 108|0x00000000c6c00000, 0x00000000c6c00000, 0x00000000c6d00000|  0%| F|  |TAMS 0x00000000c6c00000, 0x00000000c6c00000| Untracked 
| 109|0x00000000c6d00000, 0x00000000c6d00000, 0x00000000c6e00000|  0%| F|  |TAMS 0x00000000c6d00000, 0x00000000c6d00000| Untracked 
| 110|0x00000000c6e00000, 0x00000000c6e00000, 0x00000000c6f00000|  0%| F|  |TAMS 0x00000000c6e00000, 0x00000000c6e00000| Untracked 
| 111|0x00000000c6f00000, 0x00000000c6f00000, 0x00000000c7000000|  0%| F|  |TAMS 0x00000000c6f00000, 0x00000000c6f00000| Untracked 
| 112|0x00000000c7000000, 0x00000000c7000000, 0x00000000c7100000|  0%| F|  |TAMS 0x00000000c7000000, 0x00000000c7000000| Untracked 
| 113|0x00000000c7100000, 0x00000000c7100000, 0x00000000c7200000|  0%| F|  |TAMS 0x00000000c7100000, 0x00000000c7100000| Untracked 
| 114|0x00000000c7200000, 0x00000000c7200000, 0x00000000c7300000|  0%| F|  |TAMS 0x00000000c7200000, 0x00000000c7200000| Untracked 
| 115|0x00000000c7300000, 0x00000000c7300000, 0x00000000c7400000|  0%| F|  |TAMS 0x00000000c7300000, 0x00000000c7300000| Untracked 
| 116|0x00000000c7400000, 0x00000000c7480238, 0x00000000c7500000| 50%| E|  |TAMS 0x00000000c7400000, 0x00000000c7400000| Complete 
| 117|0x00000000c7500000, 0x00000000c7600000, 0x00000000c7600000|100%| E|CS|TAMS 0x00000000c7500000, 0x00000000c7500000| Complete 
| 118|0x00000000c7600000, 0x00000000c7700000, 0x00000000c7700000|100%| E|CS|TAMS 0x00000000c7600000, 0x00000000c7600000| Complete 
| 119|0x00000000c7700000, 0x00000000c7800000, 0x00000000c7800000|100%| E|CS|TAMS 0x00000000c7700000, 0x00000000c7700000| Complete 
| 120|0x00000000c7800000, 0x00000000c7900000, 0x00000000c7900000|100%| E|CS|TAMS 0x00000000c7800000, 0x00000000c7800000| Complete 
| 121|0x00000000c7900000, 0x00000000c7a00000, 0x00000000c7a00000|100%| E|CS|TAMS 0x00000000c7900000, 0x00000000c7900000| Complete 
| 122|0x00000000c7a00000, 0x00000000c7b00000, 0x00000000c7b00000|100%| E|CS|TAMS 0x00000000c7a00000, 0x00000000c7a00000| Complete 
| 123|0x00000000c7b00000, 0x00000000c7c00000, 0x00000000c7c00000|100%| E|CS|TAMS 0x00000000c7b00000, 0x00000000c7b00000| Complete 
| 124|0x00000000c7c00000, 0x00000000c7d00000, 0x00000000c7d00000|100%| E|CS|TAMS 0x00000000c7c00000, 0x00000000c7c00000| Complete 
| 125|0x00000000c7d00000, 0x00000000c7e00000, 0x00000000c7e00000|100%| E|CS|TAMS 0x00000000c7d00000, 0x00000000c7d00000| Complete 
| 126|0x00000000c7e00000, 0x00000000c7f00000, 0x00000000c7f00000|100%| E|  |TAMS 0x00000000c7e00000, 0x00000000c7e00000| Complete 
| 127|0x00000000c7f00000, 0x00000000c8000000, 0x00000000c8000000|100%| E|CS|TAMS 0x00000000c7f00000, 0x00000000c7f00000| Complete 

Card table byte_map: [0x0000027132df0000,0x0000027132ff0000] _byte_map_base: 0x00000271327f0000

Marking Bits (Prev, Next): (CMBitMap*) 0x00000271201a21e0, (CMBitMap*) 0x00000271201a2220
 Prev Bits: [0x00000271331f0000, 0x00000271341f0000)
 Next Bits: [0x00000271341f0000, 0x00000271351f0000)

Polling page: 0x000002711e090000

Metaspace:

Usage:
  Non-class:     10.56 MB used.
      Class:      1.21 MB used.
       Both:     11.78 MB used.

Virtual space:
  Non-class space:       16.00 MB reserved,      10.75 MB ( 67%) committed,  2 nodes.
      Class space:        1.00 GB reserved,       1.31 MB ( <1%) committed,  1 nodes.
             Both:        1.02 GB reserved,      12.06 MB (  1%) committed. 

Chunk freelists:
   Non-Class:  881.00 KB
       Class:  2.66 MB
        Both:  3.52 MB

MaxMetaspaceSize: unlimited
CompressedClassSpaceSize: 1.00 GB
Initial GC threshold: 21.00 MB
Current GC threshold: 21.00 MB
CDS: off
MetaspaceReclaimPolicy: balanced
 - commit_granule_bytes: 65536.
 - commit_granule_words: 8192.
 - virtual_space_node_default_size: 1048576.
 - enlarge_chunks_in_place: 1.
 - new_chunks_are_fully_committed: 0.
 - uncommit_free_chunks: 1.
 - use_allocation_guard: 0.
 - handle_deallocations: 1.


Internal statistics:

num_allocs_failed_limit: 0.
num_arena_births: 254.
num_arena_deaths: 0.
num_vsnodes_births: 3.
num_vsnodes_deaths: 0.
num_space_committed: 193.
num_space_uncommitted: 0.
num_chunks_returned_to_freelist: 0.
num_chunks_taken_from_freelist: 388.
num_chunk_merges: 0.
num_chunk_splits: 212.
num_chunks_enlarged: 65.
num_purges: 0.
num_inconsistent_stats: 0.

CodeHeap 'non-profiled nmethods': size=120000Kb used=231Kb max_used=231Kb free=119768Kb
 bounds [0x000002712b390000, 0x000002712b600000, 0x00000271328c0000]
CodeHeap 'profiled nmethods': size=120000Kb used=1254Kb max_used=1254Kb free=118745Kb
 bounds [0x00000271238c0000, 0x0000027123b30000, 0x000002712adf0000]
CodeHeap 'non-nmethods': size=5760Kb used=1159Kb max_used=1173Kb free=4600Kb
 bounds [0x000002712adf0000, 0x000002712b060000, 0x000002712b390000]
 total_blobs=1210 nmethods=771 adapters=352
 compilation: enabled
              stopped_count=0, restarted_count=0
 full_count=0

Compilation events (20 events):
Event: 0.525 Thread 0x000002713882c9f0  726       3       java.lang.invoke.Invokers$Holder::linkToTargetMethod (8 bytes)
Event: 0.525 Thread 0x000002713882c9f0 nmethod 726 0x00000271239e5c90 code [0x00000271239e5e40, 0x00000271239e6118]
Event: 0.525 Thread 0x000002713882c9f0  728       1       java.util.logging.Level::intValue (5 bytes)
Event: 0.525 Thread 0x000002713882c9f0 nmethod 728 0x000002712b3c6990 code [0x000002712b3c6b20, 0x000002712b3c6bf8]
Event: 0.525 Thread 0x000002713882c9f0  729       1       java.io.ObjectStreamField::getName (5 bytes)
Event: 0.525 Thread 0x000002713882c9f0 nmethod 729 0x000002712b3c6c90 code [0x000002712b3c6e20, 0x000002712b3c6ef8]
Event: 0.526 Thread 0x000002713882c9f0  725       1       jdk.internal.reflect.ClassFileAssembler::getStack (5 bytes)
Event: 0.526 Thread 0x000002713882c9f0 nmethod 725 0x000002712b3c6f90 code [0x000002712b3c7120, 0x000002712b3c71f8]
Event: 0.526 Thread 0x000002713881cb20  732       4       jdk.internal.org.objectweb.asm.SymbolTable::addConstantUtf8 (98 bytes)
Event: 0.528 Thread 0x000002713882c9f0  733       3       jdk.internal.org.objectweb.asm.ClassReader::<init> (371 bytes)
Event: 0.529 Thread 0x000002713882c9f0 nmethod 733 0x00000271239e6210 code [0x00000271239e6500, 0x00000271239e7878]
Event: 0.529 Thread 0x000002713882c9f0  734       3       java.lang.StringBuilder::append (8 bytes)
Event: 0.529 Thread 0x000002713882c9f0 nmethod 734 0x00000271239e7e10 code [0x00000271239e7fa0, 0x00000271239e80e8]
Event: 0.529 Thread 0x000002713882c9f0  735       3       java.lang.AbstractStringBuilder::append (55 bytes)
Event: 0.529 Thread 0x000002713882c9f0 nmethod 735 0x00000271239e8190 code [0x00000271239e8360, 0x00000271239e8698]
Event: 0.530 Thread 0x000002713882c9f0  737       3       java.util.WeakHashMap::maskNull (12 bytes)
Event: 0.530 Thread 0x000002713882c9f0 nmethod 737 0x00000271239e8810 code [0x00000271239e89a0, 0x00000271239e8ad8]
Event: 0.530 Thread 0x000002713882c9f0  738       3       java.util.WeakHashMap::hash (28 bytes)
Event: 0.531 Thread 0x000002713882c9f0 nmethod 738 0x00000271239e8b90 code [0x00000271239e8d40, 0x00000271239e8f28]
Event: 0.533 Thread 0x000002713882c9f0  739       3       java.io.ObjectStreamField::getSignature (39 bytes)

GC Heap History (0 events):
No events

Dll operation events (1 events):
Event: 0.010 Loaded shared library C:\Program Files\JetBrains\IntelliJ IDEA 2023.1.2\jbr\bin\java.dll

Deoptimization events (20 events):
Event: 0.175 Thread 0x0000027120165250 DEOPT PACKING pc=0x000002712b397468 sp=0x000000bc0cbfdd30
Event: 0.175 Thread 0x0000027120165250 DEOPT UNPACKING pc=0x000002712ae4a1a3 sp=0x000000bc0cbfdc10 mode 2
Event: 0.175 Thread 0x0000027120165250 Uncommon trap: trap_request=0xffffff45 fr.pc=0x000002712b39678c relative=0x000000000000026c
Event: 0.175 Thread 0x0000027120165250 Uncommon trap: reason=unstable_if action=reinterpret pc=0x000002712b39678c method=java.util.zip.ZipCoder$UTF8ZipCoder.checkedHash([BII)I @ 75 c2
Event: 0.175 Thread 0x0000027120165250 DEOPT PACKING pc=0x000002712b39678c sp=0x000000bc0cbfdc80
Event: 0.175 Thread 0x0000027120165250 DEOPT UNPACKING pc=0x000002712ae4a1a3 sp=0x000000bc0cbfdc10 mode 2
Event: 0.175 Thread 0x0000027120165250 Uncommon trap: trap_request=0xffffff45 fr.pc=0x000002712b397dcc relative=0x000000000000014c
Event: 0.175 Thread 0x0000027120165250 Uncommon trap: reason=unstable_if action=reinterpret pc=0x000002712b397dcc method=java.util.zip.ZipFile$Source.isMetaName([BII)Z @ 15 c2
Event: 0.175 Thread 0x0000027120165250 DEOPT PACKING pc=0x000002712b397dcc sp=0x000000bc0cbfdd40
Event: 0.175 Thread 0x0000027120165250 DEOPT UNPACKING pc=0x000002712ae4a1a3 sp=0x000000bc0cbfdce8 mode 2
Event: 0.205 Thread 0x0000027138ac1f30 DEOPT PACKING pc=0x00000271238e72fc sp=0x000000bc0dffe7f0
Event: 0.205 Thread 0x0000027138ac1f30 DEOPT UNPACKING pc=0x000002712ae4ace3 sp=0x000000bc0dffdc80 mode 0
Event: 0.206 Thread 0x0000027138ac1f30 DEOPT PACKING pc=0x00000271238e72fc sp=0x000000bc0dffe7f0
Event: 0.206 Thread 0x0000027138ac1f30 DEOPT UNPACKING pc=0x000002712ae4ace3 sp=0x000000bc0dffdc80 mode 0
Event: 0.206 Thread 0x0000027138ac1f30 DEOPT PACKING pc=0x00000271238e72fc sp=0x000000bc0dffe7f0
Event: 0.206 Thread 0x0000027138ac1f30 DEOPT UNPACKING pc=0x000002712ae4ace3 sp=0x000000bc0dffdc80 mode 0
Event: 0.447 Thread 0x0000027120165250 DEOPT PACKING pc=0x00000271238d57e7 sp=0x000000bc0cbfd850
Event: 0.447 Thread 0x0000027120165250 DEOPT UNPACKING pc=0x000002712ae4ace3 sp=0x000000bc0cbfcc70 mode 0
Event: 0.460 Thread 0x0000027120165250 DEOPT PACKING pc=0x00000271238d24d1 sp=0x000000bc0cbfcdd0
Event: 0.460 Thread 0x0000027120165250 DEOPT UNPACKING pc=0x000002712ae4ace3 sp=0x000000bc0cbfc248 mode 0

Classes unloaded (0 events):
No events

Classes redefined (0 events):
No events

Internal exceptions (19 events):
Event: 0.226 Thread 0x0000027120165250 Exception <a 'java/lang/NoSuchMethodError'{0x00000000c7c5a0a8}: 'java.lang.Object java.lang.invoke.DirectMethodHandle$Holder.invokeStatic(java.lang.Object, java.lang.Object, int)'> (0x00000000c7c5a0a8) 
thrown [s\src\hotspot\share\interpreter\linkResolver.cpp, line 771]
Event: 0.228 Thread 0x0000027120165250 Exception <a 'java/lang/NoSuchMethodError'{0x00000000c7c65e68}: 'void java.lang.invoke.DelegatingMethodHandle$Holder.delegate(java.lang.Object, java.lang.Object, int, java.lang.Object)'> (0x00000000c7c65e68) 
thrown [s\src\hotspot\share\interpreter\linkResolver.cpp, line 771]
Event: 0.228 Thread 0x0000027120165250 Exception <a 'java/lang/NoSuchMethodError'{0x00000000c7c6a0a8}: 'int java.lang.invoke.DirectMethodHandle$Holder.invokeSpecial(java.lang.Object, java.lang.Object, java.lang.Object)'> (0x00000000c7c6a0a8) 
thrown [s\src\hotspot\share\interpreter\linkResolver.cpp, line 771]
Event: 0.244 Thread 0x0000027120165250 Exception <a 'java/lang/NoSuchMethodError'{0x00000000c7b22a18}: 'void java.lang.invoke.DirectMethodHandle$Holder.invokeStatic(java.lang.Object, java.lang.Object, java.lang.Object)'> (0x00000000c7b22a18) 
thrown [s\src\hotspot\share\interpreter\linkResolver.cpp, line 771]
Event: 0.249 Thread 0x0000027120165250 Exception <a 'java/lang/NoSuchMethodError'{0x00000000c7b2f368}: 'java.lang.Object java.lang.invoke.Invokers$Holder.invoke_MT(java.lang.Object, java.lang.Object, java.lang.Object)'> (0x00000000c7b2f368) 
thrown [s\src\hotspot\share\interpreter\linkResolver.cpp, line 771]
Event: 0.252 Thread 0x0000027120165250 Exception <a 'java/lang/NoSuchMethodError'{0x00000000c7b3f9c8}: 'void java.lang.invoke.DirectMethodHandle$Holder.invokeInterface(java.lang.Object, java.lang.Object, java.lang.Object)'> (0x00000000c7b3f9c8) 
thrown [s\src\hotspot\share\interpreter\linkResolver.cpp, line 771]
Event: 0.253 Thread 0x0000027120165250 Exception <a 'java/lang/IncompatibleClassChangeError'{0x00000000c7b42e28}: Found class java.lang.Object, but interface was expected> (0x00000000c7b42e28) 
thrown [s\src\hotspot\share\interpreter\linkResolver.cpp, line 838]
Event: 0.254 Thread 0x0000027120165250 Exception <a 'java/lang/IncompatibleClassChangeError'{0x00000000c7b44360}: Found class java.lang.Object, but interface was expected> (0x00000000c7b44360) 
thrown [s\src\hotspot\share\interpreter\linkResolver.cpp, line 838]
Event: 0.254 Thread 0x0000027120165250 Exception <a 'java/lang/IncompatibleClassChangeError'{0x00000000c7b452f8}: Found class java.lang.Object, but interface was expected> (0x00000000c7b452f8) 
thrown [s\src\hotspot\share\interpreter\linkResolver.cpp, line 838]
Event: 0.254 Thread 0x0000027120165250 Exception <a 'java/lang/IncompatibleClassChangeError'{0x00000000c7b463d0}: Found class java.lang.Object, but interface was expected> (0x00000000c7b463d0) 
thrown [s\src\hotspot\share\interpreter\linkResolver.cpp, line 838]
Event: 0.254 Thread 0x0000027120165250 Exception <a 'java/lang/IncompatibleClassChangeError'{0x00000000c7b47890}: Found class java.lang.Object, but interface was expected> (0x00000000c7b47890) 
thrown [s\src\hotspot\share\interpreter\linkResolver.cpp, line 838]
Event: 0.254 Thread 0x0000027120165250 Exception <a 'java/lang/NoSuchMethodError'{0x00000000c7b4a518}: 'void java.lang.invoke.DirectMethodHandle$Holder.invokeStatic(java.lang.Object, java.lang.Object)'> (0x00000000c7b4a518) 
thrown [s\src\hotspot\share\interpreter\linkResolver.cpp, line 771]
Event: 0.302 Thread 0x0000027120165250 Exception <a 'java/lang/NoSuchMethodError'{0x00000000c7b8eb90}: 'java.lang.Object java.lang.invoke.DirectMethodHandle$Holder.invokeStaticInit(java.lang.Object)'> (0x00000000c7b8eb90) 
thrown [s\src\hotspot\share\interpreter\linkResolver.cpp, line 771]
Event: 0.343 Thread 0x0000027120165250 Exception <a 'java/lang/NoSuchMethodError'{0x00000000c7a132f0}: 'java.lang.Object java.lang.invoke.DirectMethodHandle$Holder.invokeStaticInit(java.lang.Object, int, int, int, int)'> (0x00000000c7a132f0) 
thrown [s\src\hotspot\share\interpreter\linkResolver.cpp, line 771]
Event: 0.391 Thread 0x0000027120165250 Exception <a 'java/lang/NoSuchMethodError'{0x00000000c7a84558}: 'java.lang.Object java.lang.invoke.DirectMethodHandle$Holder.invokeStaticInit(java.lang.Object, java.lang.Object, int, int, int, int)'> (0x00000000c7a84558) 
thrown [s\src\hotspot\share\interpreter\linkResolver.cpp, line 771]
Event: 0.470 Thread 0x0000027120165250 Exception <a 'java/lang/NoSuchMethodError'{0x00000000c78a29a0}: 'java.lang.Object java.lang.invoke.Invokers$Holder.linkToTargetMethod(java.lang.Object, long, java.lang.Object)'> (0x00000000c78a29a0) 
thrown [s\src\hotspot\share\interpreter\linkResolver.cpp, line 771]
Event: 0.519 Thread 0x0000027138dc2c90 Exception <a 'java/lang/NoSuchMethodError'{0x00000000c76fddd8}: static [B.<clinit>()V> (0x00000000c76fddd8) 
thrown [s\src\hotspot\share\prims\jni.cpp, line 1108]
Event: 0.519 Thread 0x0000027138dc3fd0 Exception <a 'java/lang/NoSuchMethodError'{0x00000000c7624c88}: static [B.<clinit>()V> (0x00000000c7624c88) 
thrown [s\src\hotspot\share\prims\jni.cpp, line 1108]
Event: 0.533 Thread 0x0000027138dc2c90 Exception <a 'java/lang/NoSuchMethodError'{0x00000000c752bd98}: static [Ljava/rmi/server/ObjID;.<clinit>()V> (0x00000000c752bd98) 
thrown [s\src\hotspot\share\prims\jni.cpp, line 1108]

VM Operations (6 events):
Event: 0.158 Executing VM operation: HandshakeAllThreads
Event: 0.158 Executing VM operation: HandshakeAllThreads done
Event: 0.200 Executing VM operation: HandshakeAllThreads
Event: 0.200 Executing VM operation: HandshakeAllThreads done
Event: 0.291 Executing VM operation: HandshakeAllThreads
Event: 0.291 Executing VM operation: HandshakeAllThreads done

Events (20 events):
Event: 0.531 loading class java/net/SocksConsts done
Event: 0.531 loading class java/net/DelegatingSocketImpl
Event: 0.531 loading class java/net/DelegatingSocketImpl done
Event: 0.531 loading class java/net/SocksSocketImpl done
Event: 0.531 loading class java/net/SocksSocketImpl$3
Event: 0.531 loading class java/net/SocksSocketImpl$3 done
Event: 0.531 loading class java/net/ProxySelector
Event: 0.531 loading class java/net/ProxySelector done
Event: 0.531 loading class sun/net/spi/DefaultProxySelector
Event: 0.531 loading class sun/net/spi/DefaultProxySelector done
Event: 0.531 loading class java/net/Proxy
Event: 0.531 loading class java/net/Proxy done
Event: 0.531 loading class java/net/Proxy$Type
Event: 0.531 loading class java/net/Proxy$Type done
Event: 0.531 loading class sun/net/spi/DefaultProxySelector$1
Event: 0.532 loading class sun/net/spi/DefaultProxySelector$1 done
Event: 0.532 loading class sun/net/spi/DefaultProxySelector$NonProxyInfo
Event: 0.532 loading class sun/net/spi/DefaultProxySelector$NonProxyInfo done
Event: 0.532 loading class sun/net/spi/DefaultProxySelector$3
Event: 0.532 loading class sun/net/spi/DefaultProxySelector$3 done


Dynamic libraries:
0x00007ff6b5f60000 - 0x00007ff6b5f6a000 	C:\Program Files\JetBrains\IntelliJ IDEA 2023.1.2\jbr\bin\java.exe
0x00007ffc2cdf0000 - 0x00007ffc2d007000 	C:\WINDOWS\SYSTEM32\ntdll.dll
0x00007ffc2ad30000 - 0x00007ffc2adf4000 	C:\WINDOWS\System32\KERNEL32.DLL
0x00007ffc2a400000 - 0x00007ffc2a7ad000 	C:\WINDOWS\System32\KERNELBASE.dll
0x00007ffc2a150000 - 0x00007ffc2a261000 	C:\WINDOWS\System32\ucrtbase.dll
0x00007ffc1d740000 - 0x00007ffc1d757000 	C:\Program Files\JetBrains\IntelliJ IDEA 2023.1.2\jbr\bin\jli.dll
0x00007ffc2bde0000 - 0x00007ffc2bf8e000 	C:\WINDOWS\System32\USER32.dll
0x00007ffc2a120000 - 0x00007ffc2a146000 	C:\WINDOWS\System32\win32u.dll
0x00007ffc2cd80000 - 0x00007ffc2cda9000 	C:\WINDOWS\System32\GDI32.dll
0x00007ffc2a9a0000 - 0x00007ffc2aab9000 	C:\WINDOWS\System32\gdi32full.dll
0x00007ffc12220000 - 0x00007ffc124b3000 	C:\WINDOWS\WinSxS\amd64_microsoft.windows.common-controls_6595b64144ccf1df_6.0.22621.3672_none_2713b9d173822955\COMCTL32.dll
0x00007ffc2a2a0000 - 0x00007ffc2a33a000 	C:\WINDOWS\System32\msvcp_win.dll
0x00007ffc2bc20000 - 0x00007ffc2bcc7000 	C:\WINDOWS\System32\msvcrt.dll
0x00007ffc162c0000 - 0x00007ffc162db000 	C:\Program Files\JetBrains\IntelliJ IDEA 2023.1.2\jbr\bin\VCRUNTIME140.dll
0x00007ffc2ac90000 - 0x00007ffc2acc1000 	C:\WINDOWS\System32\IMM32.DLL
0x00007ffc20250000 - 0x00007ffc2025c000 	C:\Program Files\JetBrains\IntelliJ IDEA 2023.1.2\jbr\bin\vcruntime140_1.dll
0x00007ffc073c0000 - 0x00007ffc0744d000 	C:\Program Files\JetBrains\IntelliJ IDEA 2023.1.2\jbr\bin\msvcp140.dll
0x00007ffbc91f0000 - 0x00007ffbc9e5e000 	C:\Program Files\JetBrains\IntelliJ IDEA 2023.1.2\jbr\bin\server\jvm.dll
0x00007ffc2ba60000 - 0x00007ffc2bb12000 	C:\WINDOWS\System32\ADVAPI32.dll
0x00007ffc2b920000 - 0x00007ffc2b9c9000 	C:\WINDOWS\System32\sechost.dll
0x00007ffc2a270000 - 0x00007ffc2a298000 	C:\WINDOWS\System32\bcrypt.dll
0x00007ffc2af90000 - 0x00007ffc2b0a4000 	C:\WINDOWS\System32\RPCRT4.dll
0x00007ffc0efe0000 - 0x00007ffc0efe9000 	C:\WINDOWS\SYSTEM32\WSOCK32.dll
0x00007ffc2bcd0000 - 0x00007ffc2bd41000 	C:\WINDOWS\System32\WS2_32.dll
0x00007ffc22710000 - 0x00007ffc22744000 	C:\WINDOWS\SYSTEM32\WINMM.dll
0x00007ffc21f70000 - 0x00007ffc21f7a000 	C:\WINDOWS\SYSTEM32\VERSION.dll
0x00007ffc29240000 - 0x00007ffc29258000 	C:\WINDOWS\SYSTEM32\kernel.appcore.dll
0x00007ffc232b0000 - 0x00007ffc232ba000 	C:\Program Files\JetBrains\IntelliJ IDEA 2023.1.2\jbr\bin\jimage.dll
0x00007ffc247e0000 - 0x00007ffc24a12000 	C:\WINDOWS\SYSTEM32\DBGHELP.DLL
0x00007ffc2b580000 - 0x00007ffc2b908000 	C:\WINDOWS\System32\combase.dll
0x00007ffc2c810000 - 0x00007ffc2c8e7000 	C:\WINDOWS\System32\OLEAUT32.dll
0x00007ffc1ace0000 - 0x00007ffc1ad12000 	C:\WINDOWS\SYSTEM32\dbgcore.DLL
0x00007ffc2a7b0000 - 0x00007ffc2a82b000 	C:\WINDOWS\System32\bcryptPrimitives.dll
0x00007ffc1cb00000 - 0x00007ffc1cb25000 	C:\Program Files\JetBrains\IntelliJ IDEA 2023.1.2\jbr\bin\java.dll
0x00007ffc1cb70000 - 0x00007ffc1cb88000 	C:\Program Files\JetBrains\IntelliJ IDEA 2023.1.2\jbr\bin\zip.dll
0x00007ffc2bf90000 - 0x00007ffc2c7ef000 	C:\WINDOWS\System32\SHELL32.dll
0x00007ffc28080000 - 0x00007ffc2897c000 	C:\WINDOWS\SYSTEM32\windows.storage.dll
0x00007ffc27f40000 - 0x00007ffc2807f000 	C:\WINDOWS\SYSTEM32\wintypes.dll
0x00007ffc2bb20000 - 0x00007ffc2bc14000 	C:\WINDOWS\System32\SHCORE.dll
0x00007ffc2ae80000 - 0x00007ffc2aede000 	C:\WINDOWS\System32\shlwapi.dll
0x00007ffc2a050000 - 0x00007ffc2a071000 	C:\WINDOWS\SYSTEM32\profapi.dll
0x00007ffc161e0000 - 0x00007ffc161f9000 	C:\Program Files\JetBrains\IntelliJ IDEA 2023.1.2\jbr\bin\net.dll
0x00007ffc23420000 - 0x00007ffc23556000 	C:\WINDOWS\SYSTEM32\WINHTTP.dll
0x00007ffc296b0000 - 0x00007ffc29719000 	C:\WINDOWS\system32\mswsock.dll
0x00007ffc15ee0000 - 0x00007ffc15ef6000 	C:\Program Files\JetBrains\IntelliJ IDEA 2023.1.2\jbr\bin\nio.dll
0x00007ffc28c50000 - 0x00007ffc28c7d000 	C:\WINDOWS\SYSTEM32\IPHLPAPI.DLL
0x00007ffc2b910000 - 0x00007ffc2b919000 	C:\WINDOWS\System32\NSI.dll
0x00007ffc23780000 - 0x00007ffc23799000 	C:\WINDOWS\SYSTEM32\dhcpcsvc6.DLL
0x00007ffc23060000 - 0x00007ffc2307f000 	C:\WINDOWS\SYSTEM32\dhcpcsvc.DLL
0x00007ffc28cc0000 - 0x00007ffc28db8000 	C:\WINDOWS\SYSTEM32\DNSAPI.dll
0x00007ffc29910000 - 0x00007ffc2992b000 	C:\WINDOWS\SYSTEM32\CRYPTSP.dll
0x00007ffc291a0000 - 0x00007ffc291d5000 	C:\WINDOWS\system32\rsaenh.dll
0x00007ffc297b0000 - 0x00007ffc297d8000 	C:\WINDOWS\SYSTEM32\USERENV.dll
0x00007ffc29930000 - 0x00007ffc2993c000 	C:\WINDOWS\SYSTEM32\CRYPTBASE.dll
0x00007ffc13b40000 - 0x00007ffc13b47000 	C:\Program Files\JetBrains\IntelliJ IDEA 2023.1.2\jbr\bin\rmi.dll

dbghelp: loaded successfully - version: 4.0.5 - missing functions: none
symbol engine: initialized successfully - sym options: 0x614 - pdb path: .;C:\Program Files\JetBrains\IntelliJ IDEA 2023.1.2\jbr\bin;C:\WINDOWS\SYSTEM32;C:\WINDOWS\WinSxS\amd64_microsoft.windows.common-controls_6595b64144ccf1df_6.0.22621.3672_none_2713b9d173822955;C:\Program Files\JetBrains\IntelliJ IDEA 2023.1.2\jbr\bin\server

VM Arguments:
jvm_args: -Djava.rmi.server.hostname=127.0.0.1 -Duser.timezone=UTC -Xmx1024m -Xms128m --add-exports=java.desktop/sun.awt=ALL-UNNAMED --add-exports=java.desktop/java.awt.peer=ALL-UNNAMED --add-opens=java.desktop/java.awt=ALL-UNNAMED --add-opens=jdk.unsupported/sun.misc=ALL-UNNAMED --add-opens=java.base/java.nio=ALL-UNNAMED --add-opens=java.base/java.util=ALL-UNNAMED -Dfile.encoding=UTF-8 
java_command: com.intellij.database.remote.RemoteJdbcServer com.mysql.cj.jdbc.Driver
java_class_path (initial): C:\Program Files\JetBrains\IntelliJ IDEA 2023.1.2\lib\util_rt.jar;C:\Program Files\JetBrains\IntelliJ IDEA 2023.1.2\lib\util-8.jar;C:\Program Files\JetBrains\IntelliJ IDEA 2023.1.2\lib\groovy.jar;C:\Program Files\JetBrains\IntelliJ IDEA 2023.1.2\plugins\DatabaseTools\lib\jdbc-console.jar;C:\Program Files\JetBrains\IntelliJ IDEA 2023.1.2\plugins\grid-core-impl\lib\jdbc-console-types.jar;C:\Program Files\JetBrains\IntelliJ IDEA 2023.1.2\lib\util.jar;C:\Users\Shyamantha Perera\AppData\Roaming\JetBrains\IntelliJIdea2023.1\jdbc-drivers\MySQL ConnectorJ\8.2.0\com\mysql\mysql-connector-j\8.2.0\mysql-connector-j-8.2.0.jar;C:\Users\Shyamantha Perera\AppData\Roaming\JetBrains\IntelliJIdea2023.1\jdbc-drivers\MySQL ConnectorJ\8.2.0\com\google\protobuf\protobuf-java\3.21.9\protobuf-java-3.21.9.jar
Launcher Type: SUN_STANDARD

[Global flags]
     intx CICompilerCount                          = 4                                         {product} {ergonomic}
     uint ConcGCThreads                            = 2                                         {product} {ergonomic}
     uint G1ConcRefinementThreads                  = 8                                         {product} {ergonomic}
   size_t G1HeapRegionSize                         = 1048576                                   {product} {ergonomic}
    uintx GCDrainStackTargetSize                   = 64                                        {product} {ergonomic}
   size_t InitialHeapSize                          = 134217728                                 {product} {command line}
   size_t MarkStackSize                            = 4194304                                   {product} {ergonomic}
   size_t MaxHeapSize                              = 1073741824                                {product} {command line}
   size_t MaxNewSize                               = 643825664                                 {product} {ergonomic}
   size_t MinHeapDeltaBytes                        = 1048576                                   {product} {ergonomic}
   size_t MinHeapSize                              = 134217728                                 {product} {command line}
    uintx NonNMethodCodeHeapSize                   = 5839372                                {pd product} {ergonomic}
    uintx NonProfiledCodeHeapSize                  = 122909434                              {pd product} {ergonomic}
    uintx ProfiledCodeHeapSize                     = 122909434                              {pd product} {ergonomic}
    uintx ReservedCodeCacheSize                    = 251658240                              {pd product} {ergonomic}
     bool SegmentedCodeCache                       = true                                      {product} {ergonomic}
   size_t SoftMaxHeapSize                          = 1073741824                             {manageable} {ergonomic}
     bool UseCompressedClassPointers               = true                           {product lp64_product} {ergonomic}
     bool UseCompressedOops                        = true                           {product lp64_product} {ergonomic}
     bool UseG1GC                                  = true                                      {product} {ergonomic}
     bool UseLargePagesIndividualAllocation        = false                                  {pd product} {ergonomic}

Logging:
Log output configuration:
 #0: stdout all=warning uptime,level,tags
 #1: stderr all=off uptime,level,tags

Environment Variables:
PATH=C:\Program Files\Common Files\Oracle\Java\javapath;C:\Program Files (x86)\Common Files\Intel\Shared Libraries\redist\intel64\compiler;C:\Program Files (x86)\Common Files\Oracle\Java\javapath;C:\Windows\system32;C:\Windows;C:\Windows\System32\Wbem;C:\Windows\System32\WindowsPowerShell\v1.0\;C:\Windows\System32\OpenSSH\;C:\Program Files (x86)\NVIDIA Corporation\PhysX\Common;C:\Program Files\Java\jdk1.8.0_271\bin;C:\Program Files\MySQL\MySQL Server 8.0\bin;C:\WINDOWS\system32;C:\WINDOWS;C:\WINDOWS\System32\Wbem;C:\WINDOWS\System32\WindowsPowerShell\v1.0\;C:\WINDOWS\System32\OpenSSH\;C:\Program Files\Git\cmd;C:\Program Files\dotnet\;C:\ngrok;C:\Program Files\MySQL\MySQL Shell 8.0\bin\;C:\Users\Shyamantha Perera\AppData\Local\Microsoft\WindowsApps;C:\Program Files\Microsoft VS Code\bin
USERNAME=Shyamantha Perera
OS=Windows_NT
PROCESSOR_IDENTIFIER=Intel64 Family 6 Model 126 Stepping 5, GenuineIntel
TMP=C:\Users\SHYAMA~1\AppData\Local\Temp
TEMP=C:\Users\SHYAMA~1\AppData\Local\Temp


JNI global refs:
JNI global refs: 17, weak refs: 0

JNI global refs memory usage: 843, weak refs: 841


---------------  S Y S T E M  ---------------

OS:
 Windows 11 , 64 bit Build 22621 (10.0.22621.3672)
OS uptime: 2 days 0:02 hours

CPU: total 8 (initial active 8) (4 cores per cpu, 2 threads per core) family 6 model 126 stepping 5 microcode 0xa0, cx8, cmov, fxsr, ht, mmx, 3dnowpref, sse, sse2, sse3, ssse3, sse4.1, sse4.2, popcnt, lzcnt, tsc, tscinvbit, avx, avx2, aes, erms, clmul, bmi1, bmi2, adx, avx512f, avx512dq, avx512cd, avx512bw, avx512vl, sha, fma, vzeroupper, avx512_vpopcntdq, avx512_vpclmulqdq, avx512_vaes, avx512_vnni, clflush, clflushopt, avx512_vbmi2, avx512_vbmi

Memory: 4k page, system-wide physical 7997M (2026M free)
TotalPageFile size 12093M (AvailPageFile size 4M)
current process WorkingSet (physical memory assigned to process): 58M, peak: 58M
current process commit charge ("private bytes"): 217M, peak: 217M

vm_info: OpenJDK 64-Bit Server VM (17.0.6+10-b829.9) for windows-amd64 JRE (17.0.6+10-b829.9), built on 2023-04-09 by "builduser" with MS VC++ 16.10 / 16.11 (VS2019)

END.
