#
# There is insufficient memory for the Java Runtime Environment to continue.
# Native memory allocation (malloc) failed to allocate 1199632 bytes for Chunk::new
# Possible reasons:
#   The system is out of physical RAM or swap space
#   The process is running with CompressedOops enabled, and the Java Heap may be blocking the growth of the native heap
# Possible solutions:
#   Reduce memory load on the system
#   Increase physical memory or swap space
#   Check if swap backing store is full
#   Decrease Java heap size (-Xmx/-Xms)
#   Decrease number of Java threads
#   Decrease Java thread stack sizes (-Xss)
#   Set larger code cache with -XX:ReservedCodeCacheSize=
#   JVM is running with Unscaled Compressed Oops mode in which the Java heap is
#     placed in the first 4GB address space. The Java Heap base address is the
#     maximum limit for the native heap growth. Please use -XX:HeapBaseMinAddress
#     to set the Java Heap base and to place the Java Heap above 4GB virtual address.
# This output file may be truncated or incomplete.
#
#  Out of Memory Error (arena.cpp:189), pid=8624, tid=13492
#
# JRE version: OpenJDK Runtime Environment JBR-17.0.6+10-829.9-jcef (17.0.6+10) (build 17.0.6+10-b829.9)
# Java VM: OpenJDK 64-Bit Server VM JBR-17.0.6+10-829.9-jcef (17.0.6+10-b829.9, mixed mode, tiered, compressed oops, compressed class ptrs, g1 gc, windows-amd64)
# No core dump will be written. Minidumps are not enabled by default on client versions of Windows
#

---------------  S U M M A R Y ------------

Command Line: -Djava.rmi.server.hostname=127.0.0.1 -Duser.timezone=UTC -Xmx1024m -Xms128m --add-exports=java.desktop/sun.awt=ALL-UNNAMED --add-exports=java.desktop/java.awt.peer=ALL-UNNAMED --add-opens=java.desktop/java.awt=ALL-UNNAMED --add-opens=jdk.unsupported/sun.misc=ALL-UNNAMED --add-opens=java.base/java.nio=ALL-UNNAMED --add-opens=java.base/java.util=ALL-UNNAMED -Dfile.encoding=UTF-8 com.intellij.database.remote.RemoteJdbcServer com.mysql.cj.jdbc.Driver

Host: Intel(R) Core(TM) i5-1035G1 CPU @ 1.00GHz, 8 cores, 7G,  Windows 11 , 64 bit Build 22621 (10.0.22621.3672)
Time: Sat Jul 13 11:25:48 2024 Sri Lanka Standard Time elapsed time: 1.171211 seconds (0d 0h 0m 1s)

---------------  T H R E A D  ---------------

Current thread (0x0000017ff95ee0b0):  JavaThread "C2 CompilerThread1" daemon [_thread_in_native, id=13492, stack(0x00000038a5f00000,0x00000038a6000000)]


Current CompileTask:
C2:   1171 1596       4       jdk.internal.org.objectweb.asm.Frame::execute (2305 bytes)

Stack: [0x00000038a5f00000,0x00000038a6000000]
Native frames: (J=compiled Java code, j=interpreted, Vv=VM code, C=native code)
V  [jvm.dll+0x683c5a]
V  [jvm.dll+0x842764]
V  [jvm.dll+0x843f5e]
V  [jvm.dll+0x8445c3]
V  [jvm.dll+0x249b75]
V  [jvm.dll+0xabcac]
V  [jvm.dll+0xac27c]
V  [jvm.dll+0x368857]
V  [jvm.dll+0x1bd0b8]
V  [jvm.dll+0x21c359]
V  [jvm.dll+0x21b621]
V  [jvm.dll+0x1a4fdd]
V  [jvm.dll+0x22b098]
V  [jvm.dll+0x229159]
V  [jvm.dll+0x7f81ac]
V  [jvm.dll+0x7f270a]
V  [jvm.dll+0x682a95]
C  [ucrtbase.dll+0x29333]
C  [KERNEL32.DLL+0x1257d]
C  [ntdll.dll+0x5af28]


---------------  P R O C E S S  ---------------

Threads class SMR info:
_java_thread_list=0x0000017ff977c9a0, length=24, elements={
0x0000017fe0947ee0, 0x0000017ff845d020, 0x0000017ff845e8f0, 0x0000017ff902b9e0,
0x0000017ff902c2a0, 0x0000017ff903e610, 0x0000017ff903eae0, 0x0000017ff903f990,
0x0000017ff9040340, 0x0000017ff9040c40, 0x0000017ff91b92a0, 0x0000017ff91b9b70,
0x0000017ff9354440, 0x0000017ff94e53b0, 0x0000017ff9538820, 0x0000017ff9543fc0,
0x0000017ff9544bd0, 0x0000017ff9568c30, 0x0000017ff956d110, 0x0000017ff959cf90,
0x0000017ff959d460, 0x0000017ff959d930, 0x0000017ff959c5f0, 0x0000017ff95ee0b0
}

Java Threads: ( => current thread )
  0x0000017fe0947ee0 JavaThread "main" [_thread_blocked, id=4452, stack(0x00000038a4100000,0x00000038a4200000)]
  0x0000017ff845d020 JavaThread "Reference Handler" daemon [_thread_blocked, id=14764, stack(0x00000038a4800000,0x00000038a4900000)]
  0x0000017ff845e8f0 JavaThread "Finalizer" daemon [_thread_blocked, id=3344, stack(0x00000038a4900000,0x00000038a4a00000)]
  0x0000017ff902b9e0 JavaThread "Signal Dispatcher" daemon [_thread_blocked, id=14448, stack(0x00000038a4a00000,0x00000038a4b00000)]
  0x0000017ff902c2a0 JavaThread "Attach Listener" daemon [_thread_blocked, id=5688, stack(0x00000038a4b00000,0x00000038a4c00000)]
  0x0000017ff903e610 JavaThread "Service Thread" daemon [_thread_blocked, id=16584, stack(0x00000038a4c00000,0x00000038a4d00000)]
  0x0000017ff903eae0 JavaThread "Monitor Deflation Thread" daemon [_thread_blocked, id=7024, stack(0x00000038a4d00000,0x00000038a4e00000)]
  0x0000017ff903f990 JavaThread "C2 CompilerThread0" daemon [_thread_in_native, id=10536, stack(0x00000038a4e00000,0x00000038a4f00000)]
  0x0000017ff9040340 JavaThread "C1 CompilerThread0" daemon [_thread_blocked, id=3272, stack(0x00000038a4f00000,0x00000038a5000000)]
  0x0000017ff9040c40 JavaThread "Sweeper thread" daemon [_thread_blocked, id=10404, stack(0x00000038a5000000,0x00000038a5100000)]
  0x0000017ff91b92a0 JavaThread "Common-Cleaner" daemon [_thread_blocked, id=8132, stack(0x00000038a5100000,0x00000038a5200000)]
  0x0000017ff91b9b70 JavaThread "Notification Thread" daemon [_thread_blocked, id=5016, stack(0x00000038a5200000,0x00000038a5300000)]
  0x0000017ff9354440 JavaThread "mysql-cj-abandoned-connection-cleanup" daemon [_thread_blocked, id=19880, stack(0x00000038a5400000,0x00000038a5500000)]
  0x0000017ff94e53b0 JavaThread "RMI TCP Accept-49338" daemon [_thread_in_native, id=16128, stack(0x00000038a5500000,0x00000038a5600000)]
  0x0000017ff9538820 JavaThread "RMI TCP Accept-0" daemon [_thread_in_native, id=19508, stack(0x00000038a5600000,0x00000038a5700000)]
  0x0000017ff9543fc0 JavaThread "RMI Reaper" [_thread_blocked, id=11184, stack(0x00000038a5700000,0x00000038a5800000)]
  0x0000017ff9544bd0 JavaThread "RMI GC Daemon" daemon [_thread_blocked, id=19116, stack(0x00000038a5800000,0x00000038a5900000)]
  0x0000017ff9568c30 JavaThread "RMI TCP Connection(1)-127.0.0.1" daemon [_thread_in_native, id=2744, stack(0x00000038a5900000,0x00000038a5a00000)]
  0x0000017ff956d110 JavaThread "RMI TCP Connection(2)-127.0.0.1" daemon [_thread_in_native, id=17484, stack(0x00000038a5a00000,0x00000038a5b00000)]
  0x0000017ff959cf90 JavaThread "RMI Scheduler(0)" daemon [_thread_blocked, id=15532, stack(0x00000038a5b00000,0x00000038a5c00000)]
  0x0000017ff959d460 JavaThread "RMI TCP Connection(3)-127.0.0.1" daemon [_thread_in_Java, id=20572, stack(0x00000038a5c00000,0x00000038a5d00000)]
  0x0000017ff959d930 JavaThread "RMI TCP Connection(4)-127.0.0.1" daemon [_thread_in_native, id=17092, stack(0x00000038a5d00000,0x00000038a5e00000)]
  0x0000017ff959c5f0 JavaThread "RMI RenewClean-[127.0.0.1:10725]" daemon [_thread_blocked, id=19412, stack(0x00000038a5e00000,0x00000038a5f00000)]
=>0x0000017ff95ee0b0 JavaThread "C2 CompilerThread1" daemon [_thread_in_native, id=13492, stack(0x00000038a5f00000,0x00000038a6000000)]

Other Threads:
  0x0000017ff8439060 VMThread "VM Thread" [stack: 0x00000038a4700000,0x00000038a4800000] [id=17328]
  0x0000017ff91ba040 WatcherThread [stack: 0x00000038a5300000,0x00000038a5400000] [id=10036]
  0x0000017fe098b3d0 GCTaskThread "GC Thread#0" [stack: 0x00000038a4200000,0x00000038a4300000] [id=17752]
  0x0000017ffa7babf0 GCTaskThread "GC Thread#1" [stack: 0x00000038a6000000,0x00000038a6100000] [id=11008]
  0x0000017ff9ad0c60 GCTaskThread "GC Thread#2" [stack: 0x00000038a6100000,0x00000038a6200000] [id=15968]
  0x0000017ffa79b820 GCTaskThread "GC Thread#3" [stack: 0x00000038a6200000,0x00000038a6300000] [id=18332]
  0x0000017ffa7b10a0 GCTaskThread "GC Thread#4" [stack: 0x00000038a6300000,0x00000038a6400000] [id=15912]
  0x0000017ff9aa2110 GCTaskThread "GC Thread#5" [stack: 0x00000038a6400000,0x00000038a6500000] [id=17584]
  0x0000017ff9aa23c0 GCTaskThread "GC Thread#6" [stack: 0x00000038a6500000,0x00000038a6600000] [id=1344]
  0x0000017ff9aa2670 GCTaskThread "GC Thread#7" [stack: 0x00000038a6600000,0x00000038a6700000] [id=17924]
  0x0000017fe0994220 ConcurrentGCThread "G1 Main Marker" [stack: 0x00000038a4300000,0x00000038a4400000] [id=15300]
  0x0000017fe0996b60 ConcurrentGCThread "G1 Conc#0" [stack: 0x00000038a4400000,0x00000038a4500000] [id=8856]
  0x0000017ff9786cf0 ConcurrentGCThread "G1 Conc#1" [stack: 0x00000038a6a00000,0x00000038a6b00000] [id=4740]
  0x0000017ff82bb9e0 ConcurrentGCThread "G1 Refine#0" [stack: 0x00000038a4500000,0x00000038a4600000] [id=9476]
  0x0000017ff936d010 ConcurrentGCThread "G1 Refine#1" [stack: 0x00000038a6700000,0x00000038a6800000] [id=4800]
  0x0000017ff95439b0 ConcurrentGCThread "G1 Refine#2" [stack: 0x00000038a6800000,0x00000038a6900000] [id=5472]
  0x0000017ff9543c90 ConcurrentGCThread "G1 Refine#3" [stack: 0x00000038a6900000,0x00000038a6a00000] [id=12716]
  0x0000017ff82bc310 ConcurrentGCThread "G1 Service" [stack: 0x00000038a4600000,0x00000038a4700000] [id=11788]

Threads with active compile tasks:
C2 CompilerThread0     1183 1754       4       java.lang.String::replace (42 bytes)
C2 CompilerThread1     1184 1596       4       jdk.internal.org.objectweb.asm.Frame::execute (2305 bytes)

VM state: not at safepoint (normal execution)

VM Mutex/Monitor currently owned by a thread: None

Heap address: 0x00000000c0000000, size: 1024 MB, Compressed Oops mode: 32-bit

CDS archive(s) not mapped
Compressed class space mapped at: 0x0000000100000000-0x0000000140000000, reserved size: 1073741824
Narrow klass base: 0x0000000000000000, Narrow klass shift: 3, Narrow klass range: 0x140000000

GC Precious Log:
 CPUs: 8 total, 8 available
 Memory: 7997M
 Large Page Support: Disabled
 NUMA Support: Disabled
 Compressed Oops: Enabled (32-bit)
 Heap Region Size: 1M
 Heap Min Capacity: 128M
 Heap Initial Capacity: 128M
 Heap Max Capacity: 1G
 Pre-touch: Disabled
 Parallel Workers: 8
 Concurrent Workers: 2
 Concurrent Refinement Workers: 8
 Periodic GC: Disabled

Heap:
 garbage-first heap   total 131072K, used 12272K [0x00000000c0000000, 0x0000000100000000)
  region size 1024K, 8 young (8192K), 1 survivors (1024K)
 Metaspace       used 22652K, committed 22912K, reserved 1073152K
  class space    used 2428K, committed 2560K, reserved 1048576K

Heap Regions: E=young(eden), S=young(survivor), O=old, HS=humongous(starts), HC=humongous(continues), CS=collection set, F=free, OA=open archive, CA=closed archive, TAMS=top-at-mark-start (previous, next)
|   0|0x00000000c0000000, 0x00000000c0100000, 0x00000000c0100000|100%| O|  |TAMS 0x00000000c0100000, 0x00000000c0000000| Untracked 
|   1|0x00000000c0100000, 0x00000000c0200000, 0x00000000c0200000|100%| O|  |TAMS 0x00000000c0200000, 0x00000000c0100000| Untracked 
|   2|0x00000000c0200000, 0x00000000c0300000, 0x00000000c0300000|100%| O|  |TAMS 0x00000000c0300000, 0x00000000c0200000| Untracked 
|   3|0x00000000c0300000, 0x00000000c0400000, 0x00000000c0400000|100%| O|  |TAMS 0x00000000c0341200, 0x00000000c0300000| Untracked 
|   4|0x00000000c0400000, 0x00000000c0500000, 0x00000000c0500000|100%| O|  |TAMS 0x00000000c0400000, 0x00000000c0400000| Untracked 
|   5|0x00000000c0500000, 0x00000000c05d0a00, 0x00000000c0600000| 81%| O|  |TAMS 0x00000000c0500000, 0x00000000c0500000| Untracked 
|   6|0x00000000c0600000, 0x00000000c0600000, 0x00000000c0700000|  0%| F|  |TAMS 0x00000000c0600000, 0x00000000c0600000| Untracked 
|   7|0x00000000c0700000, 0x00000000c0700000, 0x00000000c0800000|  0%| F|  |TAMS 0x00000000c0700000, 0x00000000c0700000| Untracked 
|   8|0x00000000c0800000, 0x00000000c0800000, 0x00000000c0900000|  0%| F|  |TAMS 0x00000000c0800000, 0x00000000c0800000| Untracked 
|   9|0x00000000c0900000, 0x00000000c0900000, 0x00000000c0a00000|  0%| F|  |TAMS 0x00000000c0900000, 0x00000000c0900000| Untracked 
|  10|0x00000000c0a00000, 0x00000000c0a00000, 0x00000000c0b00000|  0%| F|  |TAMS 0x00000000c0a00000, 0x00000000c0a00000| Untracked 
|  11|0x00000000c0b00000, 0x00000000c0b00000, 0x00000000c0c00000|  0%| F|  |TAMS 0x00000000c0b00000, 0x00000000c0b00000| Untracked 
|  12|0x00000000c0c00000, 0x00000000c0c00000, 0x00000000c0d00000|  0%| F|  |TAMS 0x00000000c0c00000, 0x00000000c0c00000| Untracked 
|  13|0x00000000c0d00000, 0x00000000c0d00000, 0x00000000c0e00000|  0%| F|  |TAMS 0x00000000c0d00000, 0x00000000c0d00000| Untracked 
|  14|0x00000000c0e00000, 0x00000000c0e00000, 0x00000000c0f00000|  0%| F|  |TAMS 0x00000000c0e00000, 0x00000000c0e00000| Untracked 
|  15|0x00000000c0f00000, 0x00000000c0f00000, 0x00000000c1000000|  0%| F|  |TAMS 0x00000000c0f00000, 0x00000000c0f00000| Untracked 
|  16|0x00000000c1000000, 0x00000000c1000000, 0x00000000c1100000|  0%| F|  |TAMS 0x00000000c1000000, 0x00000000c1000000| Untracked 
|  17|0x00000000c1100000, 0x00000000c1100000, 0x00000000c1200000|  0%| F|  |TAMS 0x00000000c1100000, 0x00000000c1100000| Untracked 
|  18|0x00000000c1200000, 0x00000000c1200000, 0x00000000c1300000|  0%| F|  |TAMS 0x00000000c1200000, 0x00000000c1200000| Untracked 
|  19|0x00000000c1300000, 0x00000000c1300000, 0x00000000c1400000|  0%| F|  |TAMS 0x00000000c1300000, 0x00000000c1300000| Untracked 
|  20|0x00000000c1400000, 0x00000000c1400000, 0x00000000c1500000|  0%| F|  |TAMS 0x00000000c1400000, 0x00000000c1400000| Untracked 
|  21|0x00000000c1500000, 0x00000000c1500000, 0x00000000c1600000|  0%| F|  |TAMS 0x00000000c1500000, 0x00000000c1500000| Untracked 
|  22|0x00000000c1600000, 0x00000000c1600000, 0x00000000c1700000|  0%| F|  |TAMS 0x00000000c1600000, 0x00000000c1600000| Untracked 
|  23|0x00000000c1700000, 0x00000000c1700000, 0x00000000c1800000|  0%| F|  |TAMS 0x00000000c1700000, 0x00000000c1700000| Untracked 
|  24|0x00000000c1800000, 0x00000000c1800000, 0x00000000c1900000|  0%| F|  |TAMS 0x00000000c1800000, 0x00000000c1800000| Untracked 
|  25|0x00000000c1900000, 0x00000000c1900000, 0x00000000c1a00000|  0%| F|  |TAMS 0x00000000c1900000, 0x00000000c1900000| Untracked 
|  26|0x00000000c1a00000, 0x00000000c1a00000, 0x00000000c1b00000|  0%| F|  |TAMS 0x00000000c1a00000, 0x00000000c1a00000| Untracked 
|  27|0x00000000c1b00000, 0x00000000c1b00000, 0x00000000c1c00000|  0%| F|  |TAMS 0x00000000c1b00000, 0x00000000c1b00000| Untracked 
|  28|0x00000000c1c00000, 0x00000000c1c00000, 0x00000000c1d00000|  0%| F|  |TAMS 0x00000000c1c00000, 0x00000000c1c00000| Untracked 
|  29|0x00000000c1d00000, 0x00000000c1d00000, 0x00000000c1e00000|  0%| F|  |TAMS 0x00000000c1d00000, 0x00000000c1d00000| Untracked 
|  30|0x00000000c1e00000, 0x00000000c1e00000, 0x00000000c1f00000|  0%| F|  |TAMS 0x00000000c1e00000, 0x00000000c1e00000| Untracked 
|  31|0x00000000c1f00000, 0x00000000c1f00000, 0x00000000c2000000|  0%| F|  |TAMS 0x00000000c1f00000, 0x00000000c1f00000| Untracked 
|  32|0x00000000c2000000, 0x00000000c2000000, 0x00000000c2100000|  0%| F|  |TAMS 0x00000000c2000000, 0x00000000c2000000| Untracked 
|  33|0x00000000c2100000, 0x00000000c2100000, 0x00000000c2200000|  0%| F|  |TAMS 0x00000000c2100000, 0x00000000c2100000| Untracked 
|  34|0x00000000c2200000, 0x00000000c2200000, 0x00000000c2300000|  0%| F|  |TAMS 0x00000000c2200000, 0x00000000c2200000| Untracked 
|  35|0x00000000c2300000, 0x00000000c2300000, 0x00000000c2400000|  0%| F|  |TAMS 0x00000000c2300000, 0x00000000c2300000| Untracked 
|  36|0x00000000c2400000, 0x00000000c2400000, 0x00000000c2500000|  0%| F|  |TAMS 0x00000000c2400000, 0x00000000c2400000| Untracked 
|  37|0x00000000c2500000, 0x00000000c2500000, 0x00000000c2600000|  0%| F|  |TAMS 0x00000000c2500000, 0x00000000c2500000| Untracked 
|  38|0x00000000c2600000, 0x00000000c2600000, 0x00000000c2700000|  0%| F|  |TAMS 0x00000000c2600000, 0x00000000c2600000| Untracked 
|  39|0x00000000c2700000, 0x00000000c2700000, 0x00000000c2800000|  0%| F|  |TAMS 0x00000000c2700000, 0x00000000c2700000| Untracked 
|  40|0x00000000c2800000, 0x00000000c2800000, 0x00000000c2900000|  0%| F|  |TAMS 0x00000000c2800000, 0x00000000c2800000| Untracked 
|  41|0x00000000c2900000, 0x00000000c2900000, 0x00000000c2a00000|  0%| F|  |TAMS 0x00000000c2900000, 0x00000000c2900000| Untracked 
|  42|0x00000000c2a00000, 0x00000000c2a00000, 0x00000000c2b00000|  0%| F|  |TAMS 0x00000000c2a00000, 0x00000000c2a00000| Untracked 
|  43|0x00000000c2b00000, 0x00000000c2b00000, 0x00000000c2c00000|  0%| F|  |TAMS 0x00000000c2b00000, 0x00000000c2b00000| Untracked 
|  44|0x00000000c2c00000, 0x00000000c2c00000, 0x00000000c2d00000|  0%| F|  |TAMS 0x00000000c2c00000, 0x00000000c2c00000| Untracked 
|  45|0x00000000c2d00000, 0x00000000c2d00000, 0x00000000c2e00000|  0%| F|  |TAMS 0x00000000c2d00000, 0x00000000c2d00000| Untracked 
|  46|0x00000000c2e00000, 0x00000000c2e00000, 0x00000000c2f00000|  0%| F|  |TAMS 0x00000000c2e00000, 0x00000000c2e00000| Untracked 
|  47|0x00000000c2f00000, 0x00000000c2f00000, 0x00000000c3000000|  0%| F|  |TAMS 0x00000000c2f00000, 0x00000000c2f00000| Untracked 
|  48|0x00000000c3000000, 0x00000000c3000000, 0x00000000c3100000|  0%| F|  |TAMS 0x00000000c3000000, 0x00000000c3000000| Untracked 
|  49|0x00000000c3100000, 0x00000000c3100000, 0x00000000c3200000|  0%| F|  |TAMS 0x00000000c3100000, 0x00000000c3100000| Untracked 
|  50|0x00000000c3200000, 0x00000000c3200000, 0x00000000c3300000|  0%| F|  |TAMS 0x00000000c3200000, 0x00000000c3200000| Untracked 
|  51|0x00000000c3300000, 0x00000000c3300000, 0x00000000c3400000|  0%| F|  |TAMS 0x00000000c3300000, 0x00000000c3300000| Untracked 
|  52|0x00000000c3400000, 0x00000000c3400000, 0x00000000c3500000|  0%| F|  |TAMS 0x00000000c3400000, 0x00000000c3400000| Untracked 
|  53|0x00000000c3500000, 0x00000000c3500000, 0x00000000c3600000|  0%| F|  |TAMS 0x00000000c3500000, 0x00000000c3500000| Untracked 
|  54|0x00000000c3600000, 0x00000000c3600000, 0x00000000c3700000|  0%| F|  |TAMS 0x00000000c3600000, 0x00000000c3600000| Untracked 
|  55|0x00000000c3700000, 0x00000000c3700000, 0x00000000c3800000|  0%| F|  |TAMS 0x00000000c3700000, 0x00000000c3700000| Untracked 
|  56|0x00000000c3800000, 0x00000000c3800000, 0x00000000c3900000|  0%| F|  |TAMS 0x00000000c3800000, 0x00000000c3800000| Untracked 
|  57|0x00000000c3900000, 0x00000000c3900000, 0x00000000c3a00000|  0%| F|  |TAMS 0x00000000c3900000, 0x00000000c3900000| Untracked 
|  58|0x00000000c3a00000, 0x00000000c3a00000, 0x00000000c3b00000|  0%| F|  |TAMS 0x00000000c3a00000, 0x00000000c3a00000| Untracked 
|  59|0x00000000c3b00000, 0x00000000c3b00000, 0x00000000c3c00000|  0%| F|  |TAMS 0x00000000c3b00000, 0x00000000c3b00000| Untracked 
|  60|0x00000000c3c00000, 0x00000000c3c00000, 0x00000000c3d00000|  0%| F|  |TAMS 0x00000000c3c00000, 0x00000000c3c00000| Untracked 
|  61|0x00000000c3d00000, 0x00000000c3d00000, 0x00000000c3e00000|  0%| F|  |TAMS 0x00000000c3d00000, 0x00000000c3d00000| Untracked 
|  62|0x00000000c3e00000, 0x00000000c3e00000, 0x00000000c3f00000|  0%| F|  |TAMS 0x00000000c3e00000, 0x00000000c3e00000| Untracked 
|  63|0x00000000c3f00000, 0x00000000c3f00000, 0x00000000c4000000|  0%| F|  |TAMS 0x00000000c3f00000, 0x00000000c3f00000| Untracked 
|  64|0x00000000c4000000, 0x00000000c4000000, 0x00000000c4100000|  0%| F|  |TAMS 0x00000000c4000000, 0x00000000c4000000| Untracked 
|  65|0x00000000c4100000, 0x00000000c4100000, 0x00000000c4200000|  0%| F|  |TAMS 0x00000000c4100000, 0x00000000c4100000| Untracked 
|  66|0x00000000c4200000, 0x00000000c4200000, 0x00000000c4300000|  0%| F|  |TAMS 0x00000000c4200000, 0x00000000c4200000| Untracked 
|  67|0x00000000c4300000, 0x00000000c4300000, 0x00000000c4400000|  0%| F|  |TAMS 0x00000000c4300000, 0x00000000c4300000| Untracked 
|  68|0x00000000c4400000, 0x00000000c4400000, 0x00000000c4500000|  0%| F|  |TAMS 0x00000000c4400000, 0x00000000c4400000| Untracked 
|  69|0x00000000c4500000, 0x00000000c4500000, 0x00000000c4600000|  0%| F|  |TAMS 0x00000000c4500000, 0x00000000c4500000| Untracked 
|  70|0x00000000c4600000, 0x00000000c4600000, 0x00000000c4700000|  0%| F|  |TAMS 0x00000000c4600000, 0x00000000c4600000| Untracked 
|  71|0x00000000c4700000, 0x00000000c4700000, 0x00000000c4800000|  0%| F|  |TAMS 0x00000000c4700000, 0x00000000c4700000| Untracked 
|  72|0x00000000c4800000, 0x00000000c4800000, 0x00000000c4900000|  0%| F|  |TAMS 0x00000000c4800000, 0x00000000c4800000| Untracked 
|  73|0x00000000c4900000, 0x00000000c4900000, 0x00000000c4a00000|  0%| F|  |TAMS 0x00000000c4900000, 0x00000000c4900000| Untracked 
|  74|0x00000000c4a00000, 0x00000000c4a00000, 0x00000000c4b00000|  0%| F|  |TAMS 0x00000000c4a00000, 0x00000000c4a00000| Untracked 
|  75|0x00000000c4b00000, 0x00000000c4b00000, 0x00000000c4c00000|  0%| F|  |TAMS 0x00000000c4b00000, 0x00000000c4b00000| Untracked 
|  76|0x00000000c4c00000, 0x00000000c4c00000, 0x00000000c4d00000|  0%| F|  |TAMS 0x00000000c4c00000, 0x00000000c4c00000| Untracked 
|  77|0x00000000c4d00000, 0x00000000c4d00000, 0x00000000c4e00000|  0%| F|  |TAMS 0x00000000c4d00000, 0x00000000c4d00000| Untracked 
|  78|0x00000000c4e00000, 0x00000000c4e00000, 0x00000000c4f00000|  0%| F|  |TAMS 0x00000000c4e00000, 0x00000000c4e00000| Untracked 
|  79|0x00000000c4f00000, 0x00000000c4f00000, 0x00000000c5000000|  0%| F|  |TAMS 0x00000000c4f00000, 0x00000000c4f00000| Untracked 
|  80|0x00000000c5000000, 0x00000000c5000000, 0x00000000c5100000|  0%| F|  |TAMS 0x00000000c5000000, 0x00000000c5000000| Untracked 
|  81|0x00000000c5100000, 0x00000000c5100000, 0x00000000c5200000|  0%| F|  |TAMS 0x00000000c5100000, 0x00000000c5100000| Untracked 
|  82|0x00000000c5200000, 0x00000000c5200000, 0x00000000c5300000|  0%| F|  |TAMS 0x00000000c5200000, 0x00000000c5200000| Untracked 
|  83|0x00000000c5300000, 0x00000000c5300000, 0x00000000c5400000|  0%| F|  |TAMS 0x00000000c5300000, 0x00000000c5300000| Untracked 
|  84|0x00000000c5400000, 0x00000000c5400000, 0x00000000c5500000|  0%| F|  |TAMS 0x00000000c5400000, 0x00000000c5400000| Untracked 
|  85|0x00000000c5500000, 0x00000000c5500000, 0x00000000c5600000|  0%| F|  |TAMS 0x00000000c5500000, 0x00000000c5500000| Untracked 
|  86|0x00000000c5600000, 0x00000000c5600000, 0x00000000c5700000|  0%| F|  |TAMS 0x00000000c5600000, 0x00000000c5600000| Untracked 
|  87|0x00000000c5700000, 0x00000000c5700000, 0x00000000c5800000|  0%| F|  |TAMS 0x00000000c5700000, 0x00000000c5700000| Untracked 
|  88|0x00000000c5800000, 0x00000000c5800000, 0x00000000c5900000|  0%| F|  |TAMS 0x00000000c5800000, 0x00000000c5800000| Untracked 
|  89|0x00000000c5900000, 0x00000000c5900000, 0x00000000c5a00000|  0%| F|  |TAMS 0x00000000c5900000, 0x00000000c5900000| Untracked 
|  90|0x00000000c5a00000, 0x00000000c5a00000, 0x00000000c5b00000|  0%| F|  |TAMS 0x00000000c5a00000, 0x00000000c5a00000| Untracked 
|  91|0x00000000c5b00000, 0x00000000c5b00000, 0x00000000c5c00000|  0%| F|  |TAMS 0x00000000c5b00000, 0x00000000c5b00000| Untracked 
|  92|0x00000000c5c00000, 0x00000000c5c00000, 0x00000000c5d00000|  0%| F|  |TAMS 0x00000000c5c00000, 0x00000000c5c00000| Untracked 
|  93|0x00000000c5d00000, 0x00000000c5d00000, 0x00000000c5e00000|  0%| F|  |TAMS 0x00000000c5d00000, 0x00000000c5d00000| Untracked 
|  94|0x00000000c5e00000, 0x00000000c5e00000, 0x00000000c5f00000|  0%| F|  |TAMS 0x00000000c5e00000, 0x00000000c5e00000| Untracked 
|  95|0x00000000c5f00000, 0x00000000c5f00000, 0x00000000c6000000|  0%| F|  |TAMS 0x00000000c5f00000, 0x00000000c5f00000| Untracked 
|  96|0x00000000c6000000, 0x00000000c6000000, 0x00000000c6100000|  0%| F|  |TAMS 0x00000000c6000000, 0x00000000c6000000| Untracked 
|  97|0x00000000c6100000, 0x00000000c6100000, 0x00000000c6200000|  0%| F|  |TAMS 0x00000000c6100000, 0x00000000c6100000| Untracked 
|  98|0x00000000c6200000, 0x00000000c6200000, 0x00000000c6300000|  0%| F|  |TAMS 0x00000000c6200000, 0x00000000c6200000| Untracked 
|  99|0x00000000c6300000, 0x00000000c6300000, 0x00000000c6400000|  0%| F|  |TAMS 0x00000000c6300000, 0x00000000c6300000| Untracked 
| 100|0x00000000c6400000, 0x00000000c6400000, 0x00000000c6500000|  0%| F|  |TAMS 0x00000000c6400000, 0x00000000c6400000| Untracked 
| 101|0x00000000c6500000, 0x00000000c6500000, 0x00000000c6600000|  0%| F|  |TAMS 0x00000000c6500000, 0x00000000c6500000| Untracked 
| 102|0x00000000c6600000, 0x00000000c6600000, 0x00000000c6700000|  0%| F|  |TAMS 0x00000000c6600000, 0x00000000c6600000| Untracked 
| 103|0x00000000c6700000, 0x00000000c6700000, 0x00000000c6800000|  0%| F|  |TAMS 0x00000000c6700000, 0x00000000c6700000| Untracked 
| 104|0x00000000c6800000, 0x00000000c6800000, 0x00000000c6900000|  0%| F|  |TAMS 0x00000000c6800000, 0x00000000c6800000| Untracked 
| 105|0x00000000c6900000, 0x00000000c6900000, 0x00000000c6a00000|  0%| F|  |TAMS 0x00000000c6900000, 0x00000000c6900000| Untracked 
| 106|0x00000000c6a00000, 0x00000000c6a00000, 0x00000000c6b00000|  0%| F|  |TAMS 0x00000000c6a00000, 0x00000000c6a00000| Untracked 
| 107|0x00000000c6b00000, 0x00000000c6b00000, 0x00000000c6c00000|  0%| F|  |TAMS 0x00000000c6b00000, 0x00000000c6b00000| Untracked 
| 108|0x00000000c6c00000, 0x00000000c6c00000, 0x00000000c6d00000|  0%| F|  |TAMS 0x00000000c6c00000, 0x00000000c6c00000| Untracked 
| 109|0x00000000c6d00000, 0x00000000c6d00000, 0x00000000c6e00000|  0%| F|  |TAMS 0x00000000c6d00000, 0x00000000c6d00000| Untracked 
| 110|0x00000000c6e00000, 0x00000000c6e00000, 0x00000000c6f00000|  0%| F|  |TAMS 0x00000000c6e00000, 0x00000000c6e00000| Untracked 
| 111|0x00000000c6f00000, 0x00000000c6f00000, 0x00000000c7000000|  0%| F|  |TAMS 0x00000000c6f00000, 0x00000000c6f00000| Untracked 
| 112|0x00000000c7000000, 0x00000000c7000000, 0x00000000c7100000|  0%| F|  |TAMS 0x00000000c7000000, 0x00000000c7000000| Untracked 
| 113|0x00000000c7100000, 0x00000000c7100000, 0x00000000c7200000|  0%| F|  |TAMS 0x00000000c7100000, 0x00000000c7100000| Untracked 
| 114|0x00000000c7200000, 0x00000000c7200000, 0x00000000c7300000|  0%| F|  |TAMS 0x00000000c7200000, 0x00000000c7200000| Untracked 
| 115|0x00000000c7300000, 0x00000000c7300000, 0x00000000c7400000|  0%| F|  |TAMS 0x00000000c7300000, 0x00000000c7300000| Untracked 
| 116|0x00000000c7400000, 0x00000000c7400000, 0x00000000c7500000|  0%| F|  |TAMS 0x00000000c7400000, 0x00000000c7400000| Untracked 
| 117|0x00000000c7500000, 0x00000000c7500000, 0x00000000c7600000|  0%| F|  |TAMS 0x00000000c7500000, 0x00000000c7500000| Untracked 
| 118|0x00000000c7600000, 0x00000000c7600000, 0x00000000c7700000|  0%| F|  |TAMS 0x00000000c7600000, 0x00000000c7600000| Untracked 
| 119|0x00000000c7700000, 0x00000000c7700000, 0x00000000c7800000|  0%| F|  |TAMS 0x00000000c7700000, 0x00000000c7700000| Untracked 
| 120|0x00000000c7800000, 0x00000000c7880800, 0x00000000c7900000| 50%| E|  |TAMS 0x00000000c7800000, 0x00000000c7800000| Complete 
| 121|0x00000000c7900000, 0x00000000c7a00000, 0x00000000c7a00000|100%| E|CS|TAMS 0x00000000c7900000, 0x00000000c7900000| Complete 
| 122|0x00000000c7a00000, 0x00000000c7b00000, 0x00000000c7b00000|100%| E|CS|TAMS 0x00000000c7a00000, 0x00000000c7a00000| Complete 
| 123|0x00000000c7b00000, 0x00000000c7c00000, 0x00000000c7c00000|100%| E|CS|TAMS 0x00000000c7b00000, 0x00000000c7b00000| Complete 
| 124|0x00000000c7c00000, 0x00000000c7d00000, 0x00000000c7d00000|100%| E|CS|TAMS 0x00000000c7c00000, 0x00000000c7c00000| Complete 
| 125|0x00000000c7d00000, 0x00000000c7d2b998, 0x00000000c7e00000| 17%| S|CS|TAMS 0x00000000c7d00000, 0x00000000c7d00000| Complete 
| 126|0x00000000c7e00000, 0x00000000c7f00000, 0x00000000c7f00000|100%| E|CS|TAMS 0x00000000c7e00000, 0x00000000c7e00000| Complete 
| 127|0x00000000c7f00000, 0x00000000c8000000, 0x00000000c8000000|100%| E|CS|TAMS 0x00000000c7f00000, 0x00000000c7f00000| Complete 

Card table byte_map: [0x0000017ff35d0000,0x0000017ff37d0000] _byte_map_base: 0x0000017ff2fd0000

Marking Bits (Prev, Next): (CMBitMap*) 0x0000017fe098b930, (CMBitMap*) 0x0000017fe098b8f0
 Prev Bits: [0x0000017ff49d0000, 0x0000017ff59d0000)
 Next Bits: [0x0000017ff39d0000, 0x0000017ff49d0000)

Polling page: 0x0000017fde8c0000

Metaspace:

Usage:
  Non-class:     19.76 MB used.
      Class:      2.37 MB used.
       Both:     22.13 MB used.

Virtual space:
  Non-class space:       24.00 MB reserved,      19.94 MB ( 83%) committed,  3 nodes.
      Class space:        1.00 GB reserved,       2.50 MB ( <1%) committed,  1 nodes.
             Both:        1.02 GB reserved,      22.44 MB (  2%) committed. 

Chunk freelists:
   Non-Class:  4.00 MB
       Class:  1.48 MB
        Both:  5.48 MB

MaxMetaspaceSize: unlimited
CompressedClassSpaceSize: 1.00 GB
Initial GC threshold: 21.00 MB
Current GC threshold: 35.25 MB
CDS: off
MetaspaceReclaimPolicy: balanced
 - commit_granule_bytes: 65536.
 - commit_granule_words: 8192.
 - virtual_space_node_default_size: 1048576.
 - enlarge_chunks_in_place: 1.
 - new_chunks_are_fully_committed: 0.
 - uncommit_free_chunks: 1.
 - use_allocation_guard: 0.
 - handle_deallocations: 1.


Internal statistics:

num_allocs_failed_limit: 3.
num_arena_births: 280.
num_arena_deaths: 22.
num_vsnodes_births: 4.
num_vsnodes_deaths: 0.
num_space_committed: 359.
num_space_uncommitted: 0.
num_chunks_returned_to_freelist: 35.
num_chunks_taken_from_freelist: 638.
num_chunk_merges: 3.
num_chunk_splits: 371.
num_chunks_enlarged: 196.
num_purges: 2.
num_inconsistent_stats: 0.

CodeHeap 'non-profiled nmethods': size=120000Kb used=558Kb max_used=558Kb free=119441Kb
 bounds [0x0000017febb70000, 0x0000017febde0000, 0x0000017ff30a0000]
CodeHeap 'profiled nmethods': size=120000Kb used=3279Kb max_used=3279Kb free=116720Kb
 bounds [0x0000017fe40a0000, 0x0000017fe43e0000, 0x0000017feb5d0000]
CodeHeap 'non-nmethods': size=5760Kb used=1246Kb max_used=1263Kb free=4513Kb
 bounds [0x0000017feb5d0000, 0x0000017feb840000, 0x0000017febb70000]
 total_blobs=2306 nmethods=1764 adapters=455
 compilation: enabled
              stopped_count=0, restarted_count=0
 full_count=0

Compilation events (20 events):
Event: 1.158 Thread 0x0000017ff9040340 1729   !   3       jdk.internal.misc.ScopedMemoryAccess::copyMemory (31 bytes)
Event: 1.159 Thread 0x0000017ff9040340 nmethod 1729 0x0000017fe43b9e10 code [0x0000017fe43ba020, 0x0000017fe43ba6b8]
Event: 1.159 Thread 0x0000017ff9040340 1730       3       java.lang.Long::valueOf (40 bytes)
Event: 1.159 Thread 0x0000017ff9040340 nmethod 1730 0x0000017fe43baa90 code [0x0000017fe43bac40, 0x0000017fe43baf98]
Event: 1.165 Thread 0x0000017ff9040340 1731       3       java.lang.Class::forName (47 bytes)
Event: 1.166 Thread 0x0000017ff9040340 nmethod 1731 0x0000017fe43bb110 code [0x0000017fe43bb300, 0x0000017fe43bb828]
Event: 1.166 Thread 0x0000017ff9040340 1732       3       java.io.ObjectOutputStream$HandleTable::lookup (56 bytes)
Event: 1.166 Thread 0x0000017ff9040340 nmethod 1732 0x0000017fe43bba90 code [0x0000017fe43bbc60, 0x0000017fe43bc008]
Event: 1.166 Thread 0x0000017ff9040340 1736       3       java.util.concurrent.locks.AbstractQueuedSynchronizer::compareAndSetState (13 bytes)
Event: 1.166 Thread 0x0000017ff9040340 nmethod 1736 0x0000017fe43bc210 code [0x0000017fe43bc3a0, 0x0000017fe43bc4d8]
Event: 1.166 Thread 0x0000017ff9040340 1733       3       java.lang.String::getChars (54 bytes)
Event: 1.166 Thread 0x0000017ff9040340 nmethod 1733 0x0000017fe43bc590 code [0x0000017fe43bc780, 0x0000017fe43bcbf8]
Event: 1.166 Thread 0x0000017ff9040340 1735       3       java.util.concurrent.locks.AbstractQueuedSynchronizer::signalNext (34 bytes)
Event: 1.166 Thread 0x0000017ff9040340 nmethod 1735 0x0000017fe43bce10 code [0x0000017fe43bcfe0, 0x0000017fe43bd298]
Event: 1.166 Thread 0x0000017ff9040340 1734       3       java.lang.StringLatin1::getChars (12 bytes)
Event: 1.167 Thread 0x0000017ff9040340 nmethod 1734 0x0000017fe43bd410 code [0x0000017fe43bd5a0, 0x0000017fe43bd6c8]
Event: 1.167 Thread 0x0000017ff9040340 1737       3       java.util.Arrays::rangeCheck (74 bytes)
Event: 1.167 Thread 0x0000017ff9040340 nmethod 1737 0x0000017fe43bd790 code [0x0000017fe43bda20, 0x0000017fe43be428]
Event: 1.168 Thread 0x0000017ff9040340 1738       3       java.lang.Character::isLetterOrDigit (19 bytes)
Event: 1.168 Thread 0x0000017ff9040340 nmethod 1738 0x0000017fe43be810 code [0x0000017fe43be9c0, 0x0000017fe43bec78]

GC Heap History (4 events):
Event: 0.820 GC heap before
{Heap before GC invocations=0 (full 0):
 garbage-first heap   total 131072K, used 22528K [0x00000000c0000000, 0x0000000100000000)
  region size 1024K, 23 young (23552K), 0 survivors (0K)
 Metaspace       used 20097K, committed 20352K, reserved 1073152K
  class space    used 2175K, committed 2304K, reserved 1048576K
}
Event: 0.826 GC heap after
{Heap after GC invocations=1 (full 0):
 garbage-first heap   total 131072K, used 6404K [0x00000000c0000000, 0x0000000100000000)
  region size 1024K, 3 young (3072K), 3 survivors (3072K)
 Metaspace       used 20097K, committed 20352K, reserved 1073152K
  class space    used 2175K, committed 2304K, reserved 1048576K
}
Event: 0.876 GC heap before
{Heap before GC invocations=1 (full 0):
 garbage-first heap   total 131072K, used 7428K [0x00000000c0000000, 0x0000000100000000)
  region size 1024K, 5 young (5120K), 3 survivors (3072K)
 Metaspace       used 21218K, committed 21504K, reserved 1073152K
  class space    used 2304K, committed 2432K, reserved 1048576K
}
Event: 0.878 GC heap after
{Heap after GC invocations=2 (full 0):
 garbage-first heap   total 131072K, used 6128K [0x00000000c0000000, 0x0000000100000000)
  region size 1024K, 1 young (1024K), 1 survivors (1024K)
 Metaspace       used 21218K, committed 21504K, reserved 1073152K
  class space    used 2304K, committed 2432K, reserved 1048576K
}

Dll operation events (1 events):
Event: 0.006 Loaded shared library C:\Program Files\JetBrains\IntelliJ IDEA 2023.1.2\jbr\bin\java.dll

Deoptimization events (20 events):
Event: 0.963 Thread 0x0000017ff959d460 Uncommon trap: trap_request=0xffffffc6 fr.pc=0x0000017febbedf68 relative=0x00000000000003a8
Event: 0.963 Thread 0x0000017ff959d460 Uncommon trap: reason=bimorphic_or_optimized_type_check action=maybe_recompile pc=0x0000017febbedf68 method=java.util.HashMap.getNode(Ljava/lang/Object;)Ljava/util/HashMap$Node; @ 128 c2
Event: 0.963 Thread 0x0000017ff959d460 DEOPT PACKING pc=0x0000017febbedf68 sp=0x00000038a5cfed00
Event: 0.963 Thread 0x0000017ff959d460 DEOPT UNPACKING pc=0x0000017feb62a1a3 sp=0x00000038a5cfec18 mode 2
Event: 0.970 Thread 0x0000017ff959d460 Uncommon trap: trap_request=0xffffffc6 fr.pc=0x0000017febbedf68 relative=0x00000000000003a8
Event: 0.970 Thread 0x0000017ff959d460 Uncommon trap: reason=bimorphic_or_optimized_type_check action=maybe_recompile pc=0x0000017febbedf68 method=java.util.HashMap.getNode(Ljava/lang/Object;)Ljava/util/HashMap$Node; @ 128 c2
Event: 0.970 Thread 0x0000017ff959d460 DEOPT PACKING pc=0x0000017febbedf68 sp=0x00000038a5cfed00
Event: 0.970 Thread 0x0000017ff959d460 DEOPT UNPACKING pc=0x0000017feb62a1a3 sp=0x00000038a5cfec18 mode 2
Event: 0.990 Thread 0x0000017ff959d460 Uncommon trap: trap_request=0xffffffc6 fr.pc=0x0000017febbedf68 relative=0x00000000000003a8
Event: 0.990 Thread 0x0000017ff959d460 Uncommon trap: reason=bimorphic_or_optimized_type_check action=maybe_recompile pc=0x0000017febbedf68 method=java.util.HashMap.getNode(Ljava/lang/Object;)Ljava/util/HashMap$Node; @ 128 c2
Event: 0.990 Thread 0x0000017ff959d460 DEOPT PACKING pc=0x0000017febbedf68 sp=0x00000038a5cfed00
Event: 0.990 Thread 0x0000017ff959d460 DEOPT UNPACKING pc=0x0000017feb62a1a3 sp=0x00000038a5cfec18 mode 2
Event: 1.047 Thread 0x0000017ff959d460 Uncommon trap: trap_request=0xffffffc6 fr.pc=0x0000017febbedf68 relative=0x00000000000003a8
Event: 1.047 Thread 0x0000017ff959d460 Uncommon trap: reason=bimorphic_or_optimized_type_check action=maybe_recompile pc=0x0000017febbedf68 method=java.util.HashMap.getNode(Ljava/lang/Object;)Ljava/util/HashMap$Node; @ 128 c2
Event: 1.047 Thread 0x0000017ff959d460 DEOPT PACKING pc=0x0000017febbedf68 sp=0x00000038a5cfed00
Event: 1.047 Thread 0x0000017ff959d460 DEOPT UNPACKING pc=0x0000017feb62a1a3 sp=0x00000038a5cfec18 mode 2
Event: 1.057 Thread 0x0000017ff959d460 Uncommon trap: trap_request=0xffffffc6 fr.pc=0x0000017febbdd9ec relative=0x00000000000003ac
Event: 1.058 Thread 0x0000017ff959d460 Uncommon trap: reason=bimorphic_or_optimized_type_check action=maybe_recompile pc=0x0000017febbdd9ec method=java.util.HashMap.getNode(Ljava/lang/Object;)Ljava/util/HashMap$Node; @ 128 c2
Event: 1.058 Thread 0x0000017ff959d460 DEOPT PACKING pc=0x0000017febbdd9ec sp=0x00000038a5cfec90
Event: 1.058 Thread 0x0000017ff959d460 DEOPT UNPACKING pc=0x0000017feb62a1a3 sp=0x00000038a5cfec18 mode 2

Classes unloaded (11 events):
Event: 0.883 Thread 0x0000017ff8439060 Unloading class 0x0000000100153c00 'jdk/internal/reflect/GeneratedSerializationConstructorAccessor12'
Event: 0.883 Thread 0x0000017ff8439060 Unloading class 0x0000000100152800 'jdk/internal/reflect/GeneratedSerializationConstructorAccessor8'
Event: 0.883 Thread 0x0000017ff8439060 Unloading class 0x0000000100152000 'jdk/internal/reflect/GeneratedSerializationConstructorAccessor6'
Event: 0.883 Thread 0x0000017ff8439060 Unloading class 0x0000000100151000 'jdk/internal/reflect/GeneratedSerializationConstructorAccessor2'
Event: 0.883 Thread 0x0000017ff8439060 Unloading class 0x0000000100150000 'java/lang/invoke/LambdaForm$MH+0x0000000100150000'
Event: 0.883 Thread 0x0000017ff8439060 Unloading class 0x000000010014fc00 'java/lang/invoke/LambdaForm$MH+0x000000010014fc00'
Event: 0.883 Thread 0x0000017ff8439060 Unloading class 0x000000010014f000 'java/lang/invoke/LambdaForm$MH+0x000000010014f000'
Event: 0.883 Thread 0x0000017ff8439060 Unloading class 0x000000010014e800 'java/lang/invoke/LambdaForm$MH+0x000000010014e800'
Event: 0.883 Thread 0x0000017ff8439060 Unloading class 0x000000010014e400 'java/lang/invoke/LambdaForm$MH+0x000000010014e400'
Event: 0.883 Thread 0x0000017ff8439060 Unloading class 0x000000010014d800 'java/lang/invoke/LambdaForm$MH+0x000000010014d800'
Event: 0.883 Thread 0x0000017ff8439060 Unloading class 0x000000010014d400 'java/lang/invoke/LambdaForm$MH+0x000000010014d400'

Classes redefined (0 events):
No events

Internal exceptions (20 events):
Event: 0.213 Thread 0x0000017fe0947ee0 Exception <a 'java/lang/NoSuchMethodError'{0x00000000c7b4a518}: 'void java.lang.invoke.DirectMethodHandle$Holder.invokeStatic(java.lang.Object, java.lang.Object)'> (0x00000000c7b4a518) 
thrown [s\src\hotspot\share\interpreter\linkResolver.cpp, line 771]
Event: 0.235 Thread 0x0000017fe0947ee0 Exception <a 'java/lang/NoSuchMethodError'{0x00000000c7b8eb90}: 'java.lang.Object java.lang.invoke.DirectMethodHandle$Holder.invokeStaticInit(java.lang.Object)'> (0x00000000c7b8eb90) 
thrown [s\src\hotspot\share\interpreter\linkResolver.cpp, line 771]
Event: 0.269 Thread 0x0000017fe0947ee0 Exception <a 'java/lang/NoSuchMethodError'{0x00000000c7a132f0}: 'java.lang.Object java.lang.invoke.DirectMethodHandle$Holder.invokeStaticInit(java.lang.Object, int, int, int, int)'> (0x00000000c7a132f0) 
thrown [s\src\hotspot\share\interpreter\linkResolver.cpp, line 771]
Event: 0.302 Thread 0x0000017fe0947ee0 Exception <a 'java/lang/NoSuchMethodError'{0x00000000c7a84680}: 'java.lang.Object java.lang.invoke.DirectMethodHandle$Holder.invokeStaticInit(java.lang.Object, java.lang.Object, int, int, int, int)'> (0x00000000c7a84680) 
thrown [s\src\hotspot\share\interpreter\linkResolver.cpp, line 771]
Event: 0.366 Thread 0x0000017fe0947ee0 Exception <a 'java/lang/NoSuchMethodError'{0x00000000c78a29a8}: 'java.lang.Object java.lang.invoke.Invokers$Holder.linkToTargetMethod(java.lang.Object, long, java.lang.Object)'> (0x00000000c78a29a8) 
thrown [s\src\hotspot\share\interpreter\linkResolver.cpp, line 771]
Event: 0.406 Thread 0x0000017ff959d460 Exception <a 'java/lang/NoSuchMethodError'{0x00000000c7688238}: static [B.<clinit>()V> (0x00000000c7688238) 
thrown [s\src\hotspot\share\prims\jni.cpp, line 1108]
Event: 0.406 Thread 0x0000017ff959d930 Exception <a 'java/lang/NoSuchMethodError'{0x00000000c76fab08}: static [B.<clinit>()V> (0x00000000c76fab08) 
thrown [s\src\hotspot\share\prims\jni.cpp, line 1108]
Event: 0.432 Thread 0x0000017ff959d460 Exception <a 'java/lang/NoSuchMethodError'{0x00000000c76b5b98}: static [Ljava/rmi/server/ObjID;.<clinit>()V> (0x00000000c76b5b98) 
thrown [s\src\hotspot\share\prims\jni.cpp, line 1108]
Event: 0.435 Thread 0x0000017ff959c5f0 Exception <a 'java/lang/InterruptedException'{0x00000000c7500000}> (0x00000000c7500000) 
thrown [s\src\hotspot\share\runtime\objectMonitor.cpp, line 1648]
Event: 0.435 Thread 0x0000017ff959d460 Exception <a 'java/lang/NoSuchMethodError'{0x00000000c76bd4a8}: 'void java.lang.invoke.DirectMethodHandle$Holder.invokeSpecial(java.lang.Object, java.lang.Object, java.lang.Object)'> (0x00000000c76bd4a8) 
thrown [s\src\hotspot\share\interpreter\linkResolver.cpp, line 771]
Event: 0.435 Thread 0x0000017ff959d460 Exception <a 'java/lang/NoSuchMethodError'{0x00000000c76c0a10}: 'void java.lang.invoke.Invokers$Holder.invoke_MT(java.lang.Object, java.lang.Object, java.lang.Object)'> (0x00000000c76c0a10) 
thrown [s\src\hotspot\share\interpreter\linkResolver.cpp, line 771]
Event: 0.436 Thread 0x0000017ff959c5f0 Exception <a 'java/lang/NoSuchMethodError'{0x00000000c7508a00}: 'java.lang.Object java.lang.invoke.DirectMethodHandle$Holder.newInvokeSpecial(java.lang.Object, java.lang.Object, int, java.lang.Object, long)'> (0x00000000c7508a00) 
thrown [s\src\hotspot\share\interpreter\linkResolver.cpp, line 771]
Event: 0.506 Thread 0x0000017ff959d460 Exception <a 'java/lang/NoSuchMethodError'{0x00000000c73a9908}: 'java.lang.Object java.lang.invoke.DirectMethodHandle$Holder.invokeInterface(java.lang.Object, java.lang.Object)'> (0x00000000c73a9908) 
thrown [s\src\hotspot\share\interpreter\linkResolver.cpp, line 771]
Event: 0.528 Thread 0x0000017ff959d460 Exception <a 'java/lang/NoSuchMethodError'{0x00000000c7232018}: 'java.lang.Object java.lang.invoke.DirectMethodHandle$Holder.invokeVirtual(java.lang.Object, java.lang.Object, java.lang.Object)'> (0x00000000c7232018) 
thrown [s\src\hotspot\share\interpreter\linkResolver.cpp, line 771]
Event: 0.664 Thread 0x0000017ff959d460 Exception <a 'java/lang/NoSuchMethodError'{0x00000000c6c0c7a0}: 'void java.lang.invoke.DirectMethodHandle$Holder.invokeStaticInit(java.lang.Object, java.lang.Object)'> (0x00000000c6c0c7a0) 
thrown [s\src\hotspot\share\interpreter\linkResolver.cpp, line 771]
Event: 0.706 Thread 0x0000017ff959d460 Exception <a 'sun/nio/fs/WindowsException'{0x00000000c6b8bb20}> (0x00000000c6b8bb20) 
thrown [s\src\hotspot\share\prims\jni.cpp, line 517]
Event: 0.716 Thread 0x0000017ff959d460 Exception <a 'java/lang/NoSuchMethodError'{0x00000000c6bafca0}: 'int java.lang.invoke.DirectMethodHandle$Holder.invokeStaticInit(java.lang.Object, java.lang.Object, java.lang.Object, java.lang.Object)'> (0x00000000c6bafca0) 
thrown [s\src\hotspot\share\interpreter\linkResolver.cpp, line 771]
Event: 0.717 Thread 0x0000017ff959d460 Exception <a 'java/lang/IncompatibleClassChangeError'{0x00000000c6bb90f0}: Found class java.lang.Object, but interface was expected> (0x00000000c6bb90f0) 
thrown [s\src\hotspot\share\interpreter\linkResolver.cpp, line 838]
Event: 0.717 Thread 0x0000017ff959d460 Exception <a 'java/lang/NoSuchMethodError'{0x00000000c6bbe6f8}: 'int java.lang.invoke.DirectMethodHandle$Holder.invokeStaticInit(java.lang.Object, java.lang.Object)'> (0x00000000c6bbe6f8) 
thrown [s\src\hotspot\share\interpreter\linkResolver.cpp, line 771]
Event: 0.934 Thread 0x0000017ff959d460 Exception <a 'java/lang/NoSuchMethodError'{0x00000000c7c64780}: 'java.lang.Object java.lang.invoke.DirectMethodHandle$Holder.newInvokeSpecial(java.lang.Object, java.lang.Object, int)'> (0x00000000c7c64780) 
thrown [s\src\hotspot\share\interpreter\linkResolver.cpp, line 771]

VM Operations (20 events):
Event: 0.224 Executing VM operation: HandshakeAllThreads
Event: 0.224 Executing VM operation: HandshakeAllThreads done
Event: 0.451 Executing VM operation: HandshakeAllThreads
Event: 0.451 Executing VM operation: HandshakeAllThreads done
Event: 0.683 Executing VM operation: HandshakeAllThreads
Event: 0.683 Executing VM operation: HandshakeAllThreads done
Event: 0.713 Executing VM operation: HandshakeAllThreads
Event: 0.713 Executing VM operation: HandshakeAllThreads done
Event: 0.719 Executing VM operation: ICBufferFull
Event: 0.719 Executing VM operation: ICBufferFull done
Event: 0.820 Executing VM operation: G1CollectForAllocation
Event: 0.826 Executing VM operation: G1CollectForAllocation done
Event: 0.834 Executing VM operation: HandshakeAllThreads
Event: 0.834 Executing VM operation: HandshakeAllThreads done
Event: 0.876 Executing VM operation: CollectForMetadataAllocation
Event: 0.879 Executing VM operation: CollectForMetadataAllocation done
Event: 0.882 Executing VM operation: G1Concurrent
Event: 0.884 Executing VM operation: G1Concurrent done
Event: 0.886 Executing VM operation: G1Concurrent
Event: 0.887 Executing VM operation: G1Concurrent done

Events (20 events):
Event: 0.929 loading class sun/util/resources/Bundles$BundleReference
Event: 0.929 loading class sun/util/resources/Bundles$CacheKeyReference
Event: 0.929 loading class sun/util/resources/Bundles$CacheKeyReference done
Event: 0.929 loading class sun/util/resources/Bundles$BundleReference done
Event: 0.930 loading class sun/util/locale/provider/LocaleResources$ResourceReference
Event: 0.930 loading class sun/util/locale/provider/LocaleResources$ResourceReference done
Event: 0.932 loading class java/time/format/DateTimeParseException
Event: 0.932 loading class java/time/DateTimeException
Event: 0.932 loading class java/time/DateTimeException done
Event: 0.932 loading class java/time/format/DateTimeParseException done
Event: 0.967 loading class jdk/internal/reflect/UnsafeQualifiedStaticObjectFieldAccessorImpl
Event: 0.968 loading class jdk/internal/reflect/UnsafeQualifiedStaticObjectFieldAccessorImpl done
Event: 0.968 loading class java/util/stream/IntStream
Event: 0.968 loading class java/util/stream/IntStream done
Event: 0.968 loading class java/nio/charset/CharacterCodingException
Event: 0.968 loading class java/nio/charset/CharacterCodingException done
Event: 1.065 loading class java/util/function/UnaryOperator
Event: 1.065 loading class java/util/function/UnaryOperator done
Event: 1.164 loading class java/util/AbstractList$ListItr
Event: 1.164 loading class java/util/AbstractList$ListItr done


Dynamic libraries:
0x00007ff6b5f60000 - 0x00007ff6b5f6a000 	C:\Program Files\JetBrains\IntelliJ IDEA 2023.1.2\jbr\bin\java.exe
0x00007ffc2cdf0000 - 0x00007ffc2d007000 	C:\WINDOWS\SYSTEM32\ntdll.dll
0x00007ffc2ad30000 - 0x00007ffc2adf4000 	C:\WINDOWS\System32\KERNEL32.DLL
0x00007ffc2a400000 - 0x00007ffc2a7ad000 	C:\WINDOWS\System32\KERNELBASE.dll
0x00007ffc2a150000 - 0x00007ffc2a261000 	C:\WINDOWS\System32\ucrtbase.dll
0x00007ffc1d740000 - 0x00007ffc1d757000 	C:\Program Files\JetBrains\IntelliJ IDEA 2023.1.2\jbr\bin\jli.dll
0x00007ffc162c0000 - 0x00007ffc162db000 	C:\Program Files\JetBrains\IntelliJ IDEA 2023.1.2\jbr\bin\VCRUNTIME140.dll
0x00007ffc2bde0000 - 0x00007ffc2bf8e000 	C:\WINDOWS\System32\USER32.dll
0x00007ffc2a120000 - 0x00007ffc2a146000 	C:\WINDOWS\System32\win32u.dll
0x00007ffc12220000 - 0x00007ffc124b3000 	C:\WINDOWS\WinSxS\amd64_microsoft.windows.common-controls_6595b64144ccf1df_6.0.22621.3672_none_2713b9d173822955\COMCTL32.dll
0x00007ffc2cd80000 - 0x00007ffc2cda9000 	C:\WINDOWS\System32\GDI32.dll
0x00007ffc2bc20000 - 0x00007ffc2bcc7000 	C:\WINDOWS\System32\msvcrt.dll
0x00007ffc2a9a0000 - 0x00007ffc2aab9000 	C:\WINDOWS\System32\gdi32full.dll
0x00007ffc2a2a0000 - 0x00007ffc2a33a000 	C:\WINDOWS\System32\msvcp_win.dll
0x00007ffc2ac90000 - 0x00007ffc2acc1000 	C:\WINDOWS\System32\IMM32.DLL
0x00007ffc20250000 - 0x00007ffc2025c000 	C:\Program Files\JetBrains\IntelliJ IDEA 2023.1.2\jbr\bin\vcruntime140_1.dll
0x00007ffc073c0000 - 0x00007ffc0744d000 	C:\Program Files\JetBrains\IntelliJ IDEA 2023.1.2\jbr\bin\msvcp140.dll
0x00007ffbc91f0000 - 0x00007ffbc9e5e000 	C:\Program Files\JetBrains\IntelliJ IDEA 2023.1.2\jbr\bin\server\jvm.dll
0x00007ffc2ba60000 - 0x00007ffc2bb12000 	C:\WINDOWS\System32\ADVAPI32.dll
0x00007ffc2b920000 - 0x00007ffc2b9c9000 	C:\WINDOWS\System32\sechost.dll
0x00007ffc2a270000 - 0x00007ffc2a298000 	C:\WINDOWS\System32\bcrypt.dll
0x00007ffc2af90000 - 0x00007ffc2b0a4000 	C:\WINDOWS\System32\RPCRT4.dll
0x00007ffc0efe0000 - 0x00007ffc0efe9000 	C:\WINDOWS\SYSTEM32\WSOCK32.dll
0x00007ffc22710000 - 0x00007ffc22744000 	C:\WINDOWS\SYSTEM32\WINMM.dll
0x00007ffc21f70000 - 0x00007ffc21f7a000 	C:\WINDOWS\SYSTEM32\VERSION.dll
0x00007ffc2bcd0000 - 0x00007ffc2bd41000 	C:\WINDOWS\System32\WS2_32.dll
0x00007ffc29240000 - 0x00007ffc29258000 	C:\WINDOWS\SYSTEM32\kernel.appcore.dll
0x00007ffc232b0000 - 0x00007ffc232ba000 	C:\Program Files\JetBrains\IntelliJ IDEA 2023.1.2\jbr\bin\jimage.dll
0x00007ffc247e0000 - 0x00007ffc24a12000 	C:\WINDOWS\SYSTEM32\DBGHELP.DLL
0x00007ffc2b580000 - 0x00007ffc2b908000 	C:\WINDOWS\System32\combase.dll
0x00007ffc2c810000 - 0x00007ffc2c8e7000 	C:\WINDOWS\System32\OLEAUT32.dll
0x00007ffc1ace0000 - 0x00007ffc1ad12000 	C:\WINDOWS\SYSTEM32\dbgcore.DLL
0x00007ffc2a7b0000 - 0x00007ffc2a82b000 	C:\WINDOWS\System32\bcryptPrimitives.dll
0x00007ffc1cb00000 - 0x00007ffc1cb25000 	C:\Program Files\JetBrains\IntelliJ IDEA 2023.1.2\jbr\bin\java.dll
0x00007ffc1cb70000 - 0x00007ffc1cb88000 	C:\Program Files\JetBrains\IntelliJ IDEA 2023.1.2\jbr\bin\zip.dll
0x00007ffc2bf90000 - 0x00007ffc2c7ef000 	C:\WINDOWS\System32\SHELL32.dll
0x00007ffc28080000 - 0x00007ffc2897c000 	C:\WINDOWS\SYSTEM32\windows.storage.dll
0x00007ffc27f40000 - 0x00007ffc2807f000 	C:\WINDOWS\SYSTEM32\wintypes.dll
0x00007ffc2bb20000 - 0x00007ffc2bc14000 	C:\WINDOWS\System32\SHCORE.dll
0x00007ffc2ae80000 - 0x00007ffc2aede000 	C:\WINDOWS\System32\shlwapi.dll
0x00007ffc2a050000 - 0x00007ffc2a071000 	C:\WINDOWS\SYSTEM32\profapi.dll
0x00007ffc161e0000 - 0x00007ffc161f9000 	C:\Program Files\JetBrains\IntelliJ IDEA 2023.1.2\jbr\bin\net.dll
0x00007ffc23420000 - 0x00007ffc23556000 	C:\WINDOWS\SYSTEM32\WINHTTP.dll
0x00007ffc296b0000 - 0x00007ffc29719000 	C:\WINDOWS\system32\mswsock.dll
0x00007ffc15ee0000 - 0x00007ffc15ef6000 	C:\Program Files\JetBrains\IntelliJ IDEA 2023.1.2\jbr\bin\nio.dll
0x00007ffc28c50000 - 0x00007ffc28c7d000 	C:\WINDOWS\SYSTEM32\IPHLPAPI.DLL
0x00007ffc2b910000 - 0x00007ffc2b919000 	C:\WINDOWS\System32\NSI.dll
0x00007ffc23780000 - 0x00007ffc23799000 	C:\WINDOWS\SYSTEM32\dhcpcsvc6.DLL
0x00007ffc23060000 - 0x00007ffc2307f000 	C:\WINDOWS\SYSTEM32\dhcpcsvc.DLL
0x00007ffc28cc0000 - 0x00007ffc28db8000 	C:\WINDOWS\SYSTEM32\DNSAPI.dll
0x00007ffc29910000 - 0x00007ffc2992b000 	C:\WINDOWS\SYSTEM32\CRYPTSP.dll
0x00007ffc291a0000 - 0x00007ffc291d5000 	C:\WINDOWS\system32\rsaenh.dll
0x00007ffc297b0000 - 0x00007ffc297d8000 	C:\WINDOWS\SYSTEM32\USERENV.dll
0x00007ffc29930000 - 0x00007ffc2993c000 	C:\WINDOWS\SYSTEM32\CRYPTBASE.dll
0x00007ffc13b40000 - 0x00007ffc13b47000 	C:\Program Files\JetBrains\IntelliJ IDEA 2023.1.2\jbr\bin\rmi.dll
0x00007ffc1b820000 - 0x00007ffc1b82a000 	C:\Windows\System32\rasadhlp.dll
0x00007ffc22460000 - 0x00007ffc224e3000 	C:\WINDOWS\System32\fwpuclnt.dll
0x00007ffc201d0000 - 0x00007ffc201de000 	C:\Program Files\JetBrains\IntelliJ IDEA 2023.1.2\jbr\bin\sunmscapi.dll
0x00007ffc2a830000 - 0x00007ffc2a997000 	C:\WINDOWS\System32\CRYPT32.dll
0x00007ffc29ad0000 - 0x00007ffc29afe000 	C:\WINDOWS\SYSTEM32\ncrypt.dll
0x00007ffc29a90000 - 0x00007ffc29ac7000 	C:\WINDOWS\SYSTEM32\NTASN1.dll

dbghelp: loaded successfully - version: 4.0.5 - missing functions: none
symbol engine: initialized successfully - sym options: 0x614 - pdb path: .;C:\Program Files\JetBrains\IntelliJ IDEA 2023.1.2\jbr\bin;C:\WINDOWS\SYSTEM32;C:\WINDOWS\WinSxS\amd64_microsoft.windows.common-controls_6595b64144ccf1df_6.0.22621.3672_none_2713b9d173822955;C:\Program Files\JetBrains\IntelliJ IDEA 2023.1.2\jbr\bin\server

VM Arguments:
jvm_args: -Djava.rmi.server.hostname=127.0.0.1 -Duser.timezone=UTC -Xmx1024m -Xms128m --add-exports=java.desktop/sun.awt=ALL-UNNAMED --add-exports=java.desktop/java.awt.peer=ALL-UNNAMED --add-opens=java.desktop/java.awt=ALL-UNNAMED --add-opens=jdk.unsupported/sun.misc=ALL-UNNAMED --add-opens=java.base/java.nio=ALL-UNNAMED --add-opens=java.base/java.util=ALL-UNNAMED -Dfile.encoding=UTF-8 
java_command: com.intellij.database.remote.RemoteJdbcServer com.mysql.cj.jdbc.Driver
java_class_path (initial): C:\Program Files\JetBrains\IntelliJ IDEA 2023.1.2\lib\util_rt.jar;C:\Program Files\JetBrains\IntelliJ IDEA 2023.1.2\lib\util-8.jar;C:\Program Files\JetBrains\IntelliJ IDEA 2023.1.2\lib\groovy.jar;C:\Program Files\JetBrains\IntelliJ IDEA 2023.1.2\plugins\DatabaseTools\lib\jdbc-console.jar;C:\Program Files\JetBrains\IntelliJ IDEA 2023.1.2\plugins\grid-core-impl\lib\jdbc-console-types.jar;C:\Program Files\JetBrains\IntelliJ IDEA 2023.1.2\lib\util.jar;C:\Users\Shyamantha Perera\AppData\Roaming\JetBrains\IntelliJIdea2023.1\jdbc-drivers\MySQL ConnectorJ\8.2.0\com\mysql\mysql-connector-j\8.2.0\mysql-connector-j-8.2.0.jar;C:\Users\Shyamantha Perera\AppData\Roaming\JetBrains\IntelliJIdea2023.1\jdbc-drivers\MySQL ConnectorJ\8.2.0\com\google\protobuf\protobuf-java\3.21.9\protobuf-java-3.21.9.jar
Launcher Type: SUN_STANDARD

[Global flags]
     intx CICompilerCount                          = 4                                         {product} {ergonomic}
     uint ConcGCThreads                            = 2                                         {product} {ergonomic}
     uint G1ConcRefinementThreads                  = 8                                         {product} {ergonomic}
   size_t G1HeapRegionSize                         = 1048576                                   {product} {ergonomic}
    uintx GCDrainStackTargetSize                   = 64                                        {product} {ergonomic}
   size_t InitialHeapSize                          = 134217728                                 {product} {command line}
   size_t MarkStackSize                            = 4194304                                   {product} {ergonomic}
   size_t MaxHeapSize                              = 1073741824                                {product} {command line}
   size_t MaxNewSize                               = 643825664                                 {product} {ergonomic}
   size_t MinHeapDeltaBytes                        = 1048576                                   {product} {ergonomic}
   size_t MinHeapSize                              = 134217728                                 {product} {command line}
    uintx NonNMethodCodeHeapSize                   = 5839372                                {pd product} {ergonomic}
    uintx NonProfiledCodeHeapSize                  = 122909434                              {pd product} {ergonomic}
    uintx ProfiledCodeHeapSize                     = 122909434                              {pd product} {ergonomic}
    uintx ReservedCodeCacheSize                    = 251658240                              {pd product} {ergonomic}
     bool SegmentedCodeCache                       = true                                      {product} {ergonomic}
   size_t SoftMaxHeapSize                          = 1073741824                             {manageable} {ergonomic}
     bool UseCompressedClassPointers               = true                           {product lp64_product} {ergonomic}
     bool UseCompressedOops                        = true                           {product lp64_product} {ergonomic}
     bool UseG1GC                                  = true                                      {product} {ergonomic}
     bool UseLargePagesIndividualAllocation        = false                                  {pd product} {ergonomic}

Logging:
Log output configuration:
 #0: stdout all=warning uptime,level,tags
 #1: stderr all=off uptime,level,tags

Environment Variables:
PATH=C:\Program Files\Common Files\Oracle\Java\javapath;C:\Program Files (x86)\Common Files\Intel\Shared Libraries\redist\intel64\compiler;C:\Program Files (x86)\Common Files\Oracle\Java\javapath;C:\Windows\system32;C:\Windows;C:\Windows\System32\Wbem;C:\Windows\System32\WindowsPowerShell\v1.0\;C:\Windows\System32\OpenSSH\;C:\Program Files (x86)\NVIDIA Corporation\PhysX\Common;C:\Program Files\Java\jdk1.8.0_271\bin;C:\Program Files\MySQL\MySQL Server 8.0\bin;C:\WINDOWS\system32;C:\WINDOWS;C:\WINDOWS\System32\Wbem;C:\WINDOWS\System32\WindowsPowerShell\v1.0\;C:\WINDOWS\System32\OpenSSH\;C:\Program Files\Git\cmd;C:\Program Files\dotnet\;C:\ngrok;C:\Program Files\MySQL\MySQL Shell 8.0\bin\;C:\Users\Shyamantha Perera\AppData\Local\Microsoft\WindowsApps;C:\Program Files\Microsoft VS Code\bin
USERNAME=Shyamantha Perera
OS=Windows_NT
PROCESSOR_IDENTIFIER=Intel64 Family 6 Model 126 Stepping 5, GenuineIntel
TMP=C:\Users\SHYAMA~1\AppData\Local\Temp
TEMP=C:\Users\SHYAMA~1\AppData\Local\Temp


JNI global refs:
JNI global refs: 17, weak refs: 0

JNI global refs memory usage: 843, weak refs: 841


---------------  S Y S T E M  ---------------

OS:
 Windows 11 , 64 bit Build 22621 (10.0.22621.3672)
OS uptime: 2 days 0:01 hours

CPU: total 8 (initial active 8) (4 cores per cpu, 2 threads per core) family 6 model 126 stepping 5 microcode 0xa0, cx8, cmov, fxsr, ht, mmx, 3dnowpref, sse, sse2, sse3, ssse3, sse4.1, sse4.2, popcnt, lzcnt, tsc, tscinvbit, avx, avx2, aes, erms, clmul, bmi1, bmi2, adx, avx512f, avx512dq, avx512cd, avx512bw, avx512vl, sha, fma, vzeroupper, avx512_vpopcntdq, avx512_vpclmulqdq, avx512_vaes, avx512_vnni, clflush, clflushopt, avx512_vbmi2, avx512_vbmi

Memory: 4k page, system-wide physical 7997M (2040M free)
TotalPageFile size 12093M (AvailPageFile size 11M)
current process WorkingSet (physical memory assigned to process): 112M, peak: 115M
current process commit charge ("private bytes"): 245M, peak: 247M

vm_info: OpenJDK 64-Bit Server VM (17.0.6+10-b829.9) for windows-amd64 JRE (17.0.6+10-b829.9), built on 2023-04-09 by "builduser" with MS VC++ 16.10 / 16.11 (VS2019)

END.
